{"numTotalTestSuites":7,"numPassedTestSuites":7,"numFailedTestSuites":0,"numPendingTestSuites":0,"numTotalTests":16,"numPassedTests":16,"numFailedTests":0,"numPendingTests":0,"numTodoTests":0,"snapshot":{"added":0,"failure":false,"filesAdded":0,"filesRemoved":0,"filesRemovedList":[],"filesUnmatched":0,"filesUpdated":0,"matched":0,"total":0,"unchecked":0,"uncheckedKeysByFile":[],"unmatched":0,"updated":0,"didUpdate":false},"startTime":1755199427265,"success":true,"testResults":[{"assertionResults":[{"ancestorTitles":["Standalone Module Functionality","Explicit Module"],"fullName":"Standalone Module Functionality Explicit Module should provide explicit element functions","status":"passed","title":"should provide explicit element functions","duration":20.003799999999956,"failureMessages":[],"meta":{}},{"ancestorTitles":["Standalone Module Functionality","Explicit Module"],"fullName":"Standalone Module Functionality Explicit Module should provide explicit selector functions","status":"passed","title":"should provide explicit selector functions","duration":5.599500000000262,"failureMessages":[],"meta":{}},{"ancestorTitles":["Standalone Module Functionality","Explicit Module"],"fullName":"Standalone Module Functionality Explicit Module should provide generator functions for yield* usage","status":"passed","title":"should provide generator functions for yield* usage","duration":3.6958999999997104,"failureMessages":[],"meta":{}},{"ancestorTitles":["Standalone Module Functionality","Explicit Module"],"fullName":"Standalone Module Functionality Explicit Module should handle click events explicitly","status":"passed","title":"should handle click events explicitly","duration":9.361300000000028,"failureMessages":[],"meta":{}},{"ancestorTitles":["Standalone Module Functionality","Fluent Module"],"fullName":"Standalone Module Functionality Fluent Module should provide fluent selector interface","status":"passed","title":"should provide fluent selector interface","duration":3.7179000000000997,"failureMessages":[],"meta":{}},{"ancestorTitles":["Standalone Module Functionality","Fluent Module"],"fullName":"Standalone Module Functionality Fluent Module should provide fluent element wrapper","status":"passed","title":"should provide fluent element wrapper","duration":5.255699999999706,"failureMessages":[],"meta":{}},{"ancestorTitles":["Standalone Module Functionality","Fluent Module"],"fullName":"Standalone Module Functionality Fluent Module should provide fluent elements wrapper","status":"passed","title":"should provide fluent elements wrapper","duration":8.850799999999708,"failureMessages":[],"meta":{}},{"ancestorTitles":["Standalone Module Functionality","Fluent Module"],"fullName":"Standalone Module Functionality Fluent Module should provide $fluent alias","status":"passed","title":"should provide $fluent alias","duration":4.978200000000015,"failureMessages":[],"meta":{}},{"ancestorTitles":["Standalone Module Functionality","Fluent Module"],"fullName":"Standalone Module Functionality Fluent Module should support method chaining","status":"passed","title":"should support method chaining","duration":10.96429999999964,"failureMessages":[],"meta":{}},{"ancestorTitles":["Standalone Module Functionality","Fluent Module"],"fullName":"Standalone Module Functionality Fluent Module should support DOM traversal chaining","status":"passed","title":"should support DOM traversal chaining","duration":3.0641999999998006,"failureMessages":[],"meta":{}},{"ancestorTitles":["Standalone Module Functionality","Module Integration"],"fullName":"Standalone Module Functionality Module Integration should work together with main watch function","status":"passed","title":"should work together with main watch function","duration":11.199099999999817,"failureMessages":[],"meta":{}},{"ancestorTitles":["Standalone Module Functionality","Module Integration"],"fullName":"Standalone Module Functionality Module Integration should maintain type safety across modules","status":"passed","title":"should maintain type safety across modules","duration":4.071300000000065,"failureMessages":[],"meta":{}},{"ancestorTitles":["Standalone Module Functionality","Module Integration"],"fullName":"Standalone Module Functionality Module Integration should provide distinct import paths","status":"passed","title":"should provide distinct import paths","duration":14.035899999999856,"failureMessages":[],"meta":{}},{"ancestorTitles":["Standalone Module Functionality","Module Export Completeness"],"fullName":"Standalone Module Functionality Module Export Completeness should export key explicit functions","status":"passed","title":"should export key explicit functions","duration":7.116599999999835,"failureMessages":[],"meta":{}},{"ancestorTitles":["Standalone Module Functionality","Module Export Completeness"],"fullName":"Standalone Module Functionality Module Export Completeness should export key fluent functions","status":"passed","title":"should export key fluent functions","duration":11.525499999999738,"failureMessages":[],"meta":{}},{"ancestorTitles":["Standalone Module Functionality","Documentation and Metadata"],"fullName":"Standalone Module Functionality Documentation and Metadata should have proper module structure in built files","status":"passed","title":"should have proper module structure in built files","duration":2.6364000000003216,"failureMessages":[],"meta":{}}],"startTime":1755199430802,"endTime":1755199430929.6365,"status":"passed","message":"","name":"C:/Users/Pglenn/watch/test/modules.test.ts"}]}