{"numTotalTestSuites":9,"numPassedTestSuites":6,"numFailedTestSuites":3,"numPendingTestSuites":0,"numTotalTests":17,"numPassedTests":15,"numFailedTests":2,"numPendingTests":0,"numTodoTests":0,"snapshot":{"added":0,"failure":false,"filesAdded":0,"filesRemoved":0,"filesRemovedList":[],"filesUnmatched":0,"filesUpdated":0,"matched":0,"total":0,"unchecked":0,"uncheckedKeysByFile":[],"unmatched":0,"updated":0,"didUpdate":false},"startTime":1754541948044,"success":false,"testResults":[{"assertionResults":[{"ancestorTitles":["Event Functions CSS Selector Support","on() with CSS selectors"],"fullName":"Event Functions CSS Selector Support on() with CSS selectors should attach event listener using CSS selector","status":"failed","title":"should attach event listener using CSS selector","duration":19.656851000000074,"failureMessages":["AssertionError: expected \"spy\" to be called with arguments: [ Any<MouseEvent> ]\n\nReceived: \n\n  1st spy call:\n\n  Array [\n-   Any<MouseEvent>,\n+   PointerEvent {\n+     \"AT_TARGET\": 2,\n+     \"BUBBLING_PHASE\": 3,\n+     \"CAPTURING_PHASE\": 1,\n+     \"NONE\": 0,\n+     \"altKey\": false,\n+     \"altitudeAngle\": 0,\n+     \"azimuthAngle\": 0,\n+     \"button\": 0,\n+     \"buttons\": 0,\n+     \"clientX\": 0,\n+     \"clientY\": 0,\n+     \"coalescedEvents\": Array [],\n+     \"ctrlKey\": false,\n+     \"detail\": 0,\n+     \"getCoalescedEvents\": [Function getCoalescedEvents],\n+     \"getPredictedEvents\": [Function getPredictedEvents],\n+     \"height\": 1,\n+     \"isPrimary\": false,\n+     \"layerX\": 0,\n+     \"layerY\": 0,\n+     \"metaKey\": false,\n+     \"movementX\": 0,\n+     \"movementY\": 0,\n+     \"offsetX\": undefined,\n+     \"offsetY\": undefined,\n+     \"pageX\": 0,\n+     \"pageY\": 0,\n+     \"pointerId\": 0,\n+     \"pointerType\": \"\",\n+     \"predictedEvents\": Array [],\n+     \"pressure\": 0,\n+     \"region\": \"\",\n+     \"relatedTarget\": null,\n+     \"screenX\": 0,\n+     \"screenY\": 0,\n+     \"shiftKey\": false,\n+     \"tangentialPressure\": 0,\n+     \"tiltX\": 0,\n+     \"tiltY\": 0,\n+     \"twist\": 0,\n+     \"view\": null,\n+     \"width\": 1,\n+     Symbol(composed): true,\n+     Symbol(bubbles): true,\n+     Symbol(cancelable): true,\n+     Symbol(defaultPrevented): false,\n+     Symbol(eventPhase): 0,\n+     Symbol(timeStamp): 697.03031,\n+     Symbol(type): \"click\",\n+     Symbol(immediatePropagationStopped): false,\n+     Symbol(propagationStopped): false,\n+     Symbol(target): null,\n+     Symbol(currentTarget): null,\n+     Symbol(isInPassiveEventListener): false,\n+   },\n+   <button\n+     id=\"test-btn\"\n+   >\n+     Click me\n+   </button>,\n  ]\n\n\nNumber of calls: 1\n\n    at Proxy.<anonymous> (file:///home/patrick/Projects/watch/node_modules/@vitest/expect/dist/index.js:1465:13)\n    at Proxy.<anonymous> (file:///home/patrick/Projects/watch/node_modules/@vitest/expect/dist/index.js:972:17)\n    at Proxy.methodWrapper (file:///home/patrick/Projects/watch/node_modules/chai/chai.js:1706:25)\n    at /home/patrick/Projects/watch/test/event-selector-support.test.ts:31:23\n    at file:///home/patrick/Projects/watch/node_modules/@vitest/runner/dist/index.js:146:14\n    at file:///home/patrick/Projects/watch/node_modules/@vitest/runner/dist/index.js:533:11\n    at runWithTimeout (file:///home/patrick/Projects/watch/node_modules/@vitest/runner/dist/index.js:39:7)\n    at runTest (file:///home/patrick/Projects/watch/node_modules/@vitest/runner/dist/index.js:1056:17)\n    at processTicksAndRejections (node:internal/process/task_queues:95:5)\n    at runSuite (file:///home/patrick/Projects/watch/node_modules/@vitest/runner/dist/index.js:1205:15)"],"meta":{}},{"ancestorTitles":["Event Functions CSS Selector Support","on() with CSS selectors"],"fullName":"Event Functions CSS Selector Support on() with CSS selectors should return null if selector finds no element","status":"passed","title":"should return null if selector finds no element","duration":2.029871999999955,"failureMessages":[],"meta":{}},{"ancestorTitles":["Event Functions CSS Selector Support","on() with CSS selectors"],"fullName":"Event Functions CSS Selector Support on() with CSS selectors should support event options with CSS selector","status":"passed","title":"should support event options with CSS selector","duration":1.4611529999999675,"failureMessages":[],"meta":{}},{"ancestorTitles":["Event Functions CSS Selector Support","on() with CSS selectors"],"fullName":"Event Functions CSS Selector Support on() with CSS selectors should support custom events with CSS selector","status":"failed","title":"should support custom events with CSS selector","duration":2.5911980000000767,"failureMessages":["AssertionError: expected \"spy\" to be called with arguments: [ ObjectContaining{…} ]\n\nReceived: \n\n  1st spy call:\n\n  Array [\n-   ObjectContaining {\n-     \"detail\": Object {\n+   CustomEvent {\n+     \"AT_TARGET\": 2,\n+     \"BUBBLING_PHASE\": 3,\n+     \"CAPTURING_PHASE\": 1,\n+     \"NONE\": 0,\n+     Symbol(composed): false,\n+     Symbol(bubbles): false,\n+     Symbol(cancelable): false,\n+     Symbol(defaultPrevented): false,\n+     Symbol(eventPhase): 0,\n+     Symbol(timeStamp): 716.656163,\n+     Symbol(type): \"custom-event\",\n+     Symbol(immediatePropagationStopped): false,\n+     Symbol(propagationStopped): false,\n+     Symbol(target): null,\n+     Symbol(currentTarget): null,\n+     Symbol(isInPassiveEventListener): false,\n+     Symbol(detail): Object {\n        \"message\": \"Hello\",\n      },\n-     \"type\": \"custom-event\",\n    },\n+   <div\n+     id=\"custom-target\"\n+   >\n+     Target\n+   </div>,\n  ]\n\n\nNumber of calls: 1\n\n    at Proxy.<anonymous> (file:///home/patrick/Projects/watch/node_modules/@vitest/expect/dist/index.js:1465:13)\n    at Proxy.<anonymous> (file:///home/patrick/Projects/watch/node_modules/@vitest/expect/dist/index.js:972:17)\n    at Proxy.methodWrapper (file:///home/patrick/Projects/watch/node_modules/chai/chai.js:1706:25)\n    at /home/patrick/Projects/watch/test/event-selector-support.test.ts:74:23\n    at file:///home/patrick/Projects/watch/node_modules/@vitest/runner/dist/index.js:146:14\n    at file:///home/patrick/Projects/watch/node_modules/@vitest/runner/dist/index.js:533:11\n    at runWithTimeout (file:///home/patrick/Projects/watch/node_modules/@vitest/runner/dist/index.js:39:7)\n    at runTest (file:///home/patrick/Projects/watch/node_modules/@vitest/runner/dist/index.js:1056:17)\n    at processTicksAndRejections (node:internal/process/task_queues:95:5)\n    at runSuite (file:///home/patrick/Projects/watch/node_modules/@vitest/runner/dist/index.js:1205:15)"],"meta":{}},{"ancestorTitles":["Event Functions CSS Selector Support","click() with CSS selectors"],"fullName":"Event Functions CSS Selector Support click() with CSS selectors should attach click listener using CSS selector","status":"passed","title":"should attach click listener using CSS selector","duration":1.082817000000091,"failureMessages":[],"meta":{}},{"ancestorTitles":["Event Functions CSS Selector Support","click() with CSS selectors"],"fullName":"Event Functions CSS Selector Support click() with CSS selectors should support class selectors","status":"passed","title":"should support class selectors","duration":1.5010160000000496,"failureMessages":[],"meta":{}},{"ancestorTitles":["Event Functions CSS Selector Support","click() with CSS selectors"],"fullName":"Event Functions CSS Selector Support click() with CSS selectors should support complex selectors","status":"passed","title":"should support complex selectors","duration":3.2196010000000115,"failureMessages":[],"meta":{}},{"ancestorTitles":["Event Functions CSS Selector Support","click() with CSS selectors"],"fullName":"Event Functions CSS Selector Support click() with CSS selectors should warn and return null for non-existent selector","status":"passed","title":"should warn and return null for non-existent selector","duration":0.8923479999999699,"failureMessages":[],"meta":{}},{"ancestorTitles":["Event Functions CSS Selector Support","input() with CSS selectors"],"fullName":"Event Functions CSS Selector Support input() with CSS selectors should attach input listener using CSS selector","status":"passed","title":"should attach input listener using CSS selector","duration":1.3719389999999976,"failureMessages":[],"meta":{}},{"ancestorTitles":["Event Functions CSS Selector Support","input() with CSS selectors"],"fullName":"Event Functions CSS Selector Support input() with CSS selectors should work with textarea selector","status":"passed","title":"should work with textarea selector","duration":0.8565019999999777,"failureMessages":[],"meta":{}},{"ancestorTitles":["Event Functions CSS Selector Support","change() with CSS selectors"],"fullName":"Event Functions CSS Selector Support change() with CSS selectors should attach change listener using CSS selector","status":"passed","title":"should attach change listener using CSS selector","duration":2.33104000000003,"failureMessages":[],"meta":{}},{"ancestorTitles":["Event Functions CSS Selector Support","change() with CSS selectors"],"fullName":"Event Functions CSS Selector Support change() with CSS selectors should work with checkbox selector","status":"passed","title":"should work with checkbox selector","duration":0.6362060000000156,"failureMessages":[],"meta":{}},{"ancestorTitles":["Event Functions CSS Selector Support","submit() with CSS selectors"],"fullName":"Event Functions CSS Selector Support submit() with CSS selectors should attach submit listener using CSS selector","status":"passed","title":"should attach submit listener using CSS selector","duration":1.3771139999998923,"failureMessages":[],"meta":{}},{"ancestorTitles":["Event Functions CSS Selector Support","Event options with CSS selectors"],"fullName":"Event Functions CSS Selector Support Event options with CSS selectors should support debounce option","status":"passed","title":"should support debounce option","duration":60.74558300000001,"failureMessages":[],"meta":{}},{"ancestorTitles":["Event Functions CSS Selector Support","Event options with CSS selectors"],"fullName":"Event Functions CSS Selector Support Event options with CSS selectors should support throttle option","status":"passed","title":"should support throttle option","duration":61.846165999999926,"failureMessages":[],"meta":{}},{"ancestorTitles":["Event Functions CSS Selector Support","Event options with CSS selectors"],"fullName":"Event Functions CSS Selector Support Event options with CSS selectors should support capture option","status":"passed","title":"should support capture option","duration":3.1894080000000713,"failureMessages":[],"meta":{}},{"ancestorTitles":["Event Functions CSS Selector Support","Integration with all event shortcuts"],"fullName":"Event Functions CSS Selector Support Integration with all event shortcuts should support all event shortcuts with CSS selectors","status":"passed","title":"should support all event shortcuts with CSS selectors","duration":9.124036000000046,"failureMessages":[],"meta":{}}],"startTime":1754541948761,"endTime":1754541948937.124,"status":"failed","message":"","name":"/home/patrick/Projects/watch/test/event-selector-support.test.ts"}]}