{"numTotalTestSuites":101,"numPassedTestSuites":20,"numFailedTestSuites":81,"numPendingTestSuites":0,"numTotalTests":214,"numPassedTests":99,"numFailedTests":115,"numPendingTests":0,"numTodoTests":0,"snapshot":{"added":0,"failure":false,"filesAdded":0,"filesRemoved":0,"filesRemovedList":[],"filesUnmatched":0,"filesUpdated":0,"matched":0,"total":0,"unchecked":0,"uncheckedKeysByFile":[],"unmatched":0,"updated":0,"didUpdate":false},"startTime":1752511521371,"success":false,"testResults":[{"assertionResults":[{"ancestorTitles":[],"fullName":"watch with context parameter - but using global functions (backwards compatibility)","status":"passed","title":"watch with context parameter - but using global functions (backwards compatibility)","duration":177.02109999999993,"failureMessages":[],"meta":{}},{"ancestorTitles":[],"fullName":"watch with context parameter (new pattern)","status":"passed","title":"watch with context parameter (new pattern)","duration":172.93610000000012,"failureMessages":[],"meta":{}},{"ancestorTitles":[],"fullName":"runOn - ignoring context parameter","status":"passed","title":"runOn - ignoring context parameter","duration":1.3076999999998407,"failureMessages":[],"meta":{}},{"ancestorTitles":[],"fullName":"runOn with context parameter","status":"passed","title":"runOn with context parameter","duration":1.1929999999999836,"failureMessages":[],"meta":{}},{"ancestorTitles":[],"fullName":"string selector with context parameter","status":"passed","title":"string selector with context parameter","duration":110.46269999999981,"failureMessages":[],"meta":{}},{"ancestorTitles":[],"fullName":"mixed usage - context parameter and global functions together","status":"passed","title":"mixed usage - context parameter and global functions together","duration":2.432900000000018,"failureMessages":[],"meta":{}},{"ancestorTitles":[],"fullName":"type safety - element types are preserved","status":"passed","title":"type safety - element types are preserved","duration":2.345199999999977,"failureMessages":[],"meta":{}},{"ancestorTitles":[],"fullName":"backwards compatibility - multiple patterns should coexist","status":"passed","title":"backwards compatibility - multiple patterns should coexist","duration":57.7804000000001,"failureMessages":[],"meta":{}}],"startTime":1752511528060,"endTime":1752511528585.7805,"status":"passed","message":"","name":"C:/Users/Pglenn/watch/test/context-parameter.test.ts"},{"assertionResults":[{"ancestorTitles":["Core Watch Function","String Selector Overload"],"fullName":"Core Watch Function String Selector Overload should watch elements by CSS selector","status":"failed","title":"should watch elements by CSS selector","duration":74.27139999999986,"failureMessages":["AssertionError: expected false to be true // Object.is equality\n    at C:\\Users\\Pglenn\\watch\\test\\core-watch.test.ts:59:50\n    at file:///C:/Users/Pglenn/watch/node_modules/.pnpm/@vitest+runner@2.1.9/node_modules/@vitest/runner/dist/index.js:533:5\n    at runTest (file:///C:/Users/Pglenn/watch/node_modules/.pnpm/@vitest+runner@2.1.9/node_modules/@vitest/runner/dist/index.js:1056:11)\n    at runSuite (file:///C:/Users/Pglenn/watch/node_modules/.pnpm/@vitest+runner@2.1.9/node_modules/@vitest/runner/dist/index.js:1205:15)\n    at runSuite (file:///C:/Users/Pglenn/watch/node_modules/.pnpm/@vitest+runner@2.1.9/node_modules/@vitest/runner/dist/index.js:1205:15)\n    at runSuite (file:///C:/Users/Pglenn/watch/node_modules/.pnpm/@vitest+runner@2.1.9/node_modules/@vitest/runner/dist/index.js:1205:15)\n    at runFiles (file:///C:/Users/Pglenn/watch/node_modules/.pnpm/@vitest+runner@2.1.9/node_modules/@vitest/runner/dist/index.js:1262:5)\n    at startTests (file:///C:/Users/Pglenn/watch/node_modules/.pnpm/@vitest+runner@2.1.9/node_modules/@vitest/runner/dist/index.js:1271:3)\n    at file:///C:/Users/Pglenn/watch/node_modules/.pnpm/vitest@2.1.9_@types+node@22.16.3_happy-dom@15.11.7/node_modules/vitest/dist/chunks/runBaseTests.3qpJUEJM.js:126:11\n    at withEnv (file:///C:/Users/Pglenn/watch/node_modules/.pnpm/vitest@2.1.9_@types+node@22.16.3_happy-dom@15.11.7/node_modules/vitest/dist/chunks/runBaseTests.3qpJUEJM.js:90:5)"],"meta":{}},{"ancestorTitles":["Core Watch Function","String Selector Overload"],"fullName":"Core Watch Function String Selector Overload should handle complex selectors","status":"failed","title":"should handle complex selectors","duration":68.827,"failureMessages":["AssertionError: expected false to be true // Object.is equality\n    at C:\\Users\\Pglenn\\watch\\test\\core-watch.test.ts:81:60\n    at file:///C:/Users/Pglenn/watch/node_modules/.pnpm/@vitest+runner@2.1.9/node_modules/@vitest/runner/dist/index.js:533:5\n    at runTest (file:///C:/Users/Pglenn/watch/node_modules/.pnpm/@vitest+runner@2.1.9/node_modules/@vitest/runner/dist/index.js:1056:11)\n    at runSuite (file:///C:/Users/Pglenn/watch/node_modules/.pnpm/@vitest+runner@2.1.9/node_modules/@vitest/runner/dist/index.js:1205:15)\n    at runSuite (file:///C:/Users/Pglenn/watch/node_modules/.pnpm/@vitest+runner@2.1.9/node_modules/@vitest/runner/dist/index.js:1205:15)\n    at runSuite (file:///C:/Users/Pglenn/watch/node_modules/.pnpm/@vitest+runner@2.1.9/node_modules/@vitest/runner/dist/index.js:1205:15)\n    at runFiles (file:///C:/Users/Pglenn/watch/node_modules/.pnpm/@vitest+runner@2.1.9/node_modules/@vitest/runner/dist/index.js:1262:5)\n    at startTests (file:///C:/Users/Pglenn/watch/node_modules/.pnpm/@vitest+runner@2.1.9/node_modules/@vitest/runner/dist/index.js:1271:3)\n    at file:///C:/Users/Pglenn/watch/node_modules/.pnpm/vitest@2.1.9_@types+node@22.16.3_happy-dom@15.11.7/node_modules/vitest/dist/chunks/runBaseTests.3qpJUEJM.js:126:11\n    at withEnv (file:///C:/Users/Pglenn/watch/node_modules/.pnpm/vitest@2.1.9_@types+node@22.16.3_happy-dom@15.11.7/node_modules/vitest/dist/chunks/runBaseTests.3qpJUEJM.js:90:5)"],"meta":{}},{"ancestorTitles":["Core Watch Function","String Selector Overload"],"fullName":"Core Watch Function String Selector Overload should watch for new elements added after setup","status":"failed","title":"should watch for new elements added after setup","duration":124.38739999999984,"failureMessages":["AssertionError: expected '' to be 'Watched!' // Object.is equality\n    at C:\\Users\\Pglenn\\watch\\test\\core-watch.test.ts:106:33\n    at file:///C:/Users/Pglenn/watch/node_modules/.pnpm/@vitest+runner@2.1.9/node_modules/@vitest/runner/dist/index.js:533:5\n    at runTest (file:///C:/Users/Pglenn/watch/node_modules/.pnpm/@vitest+runner@2.1.9/node_modules/@vitest/runner/dist/index.js:1056:11)\n    at runSuite (file:///C:/Users/Pglenn/watch/node_modules/.pnpm/@vitest+runner@2.1.9/node_modules/@vitest/runner/dist/index.js:1205:15)\n    at runSuite (file:///C:/Users/Pglenn/watch/node_modules/.pnpm/@vitest+runner@2.1.9/node_modules/@vitest/runner/dist/index.js:1205:15)\n    at runSuite (file:///C:/Users/Pglenn/watch/node_modules/.pnpm/@vitest+runner@2.1.9/node_modules/@vitest/runner/dist/index.js:1205:15)\n    at runFiles (file:///C:/Users/Pglenn/watch/node_modules/.pnpm/@vitest+runner@2.1.9/node_modules/@vitest/runner/dist/index.js:1262:5)\n    at startTests (file:///C:/Users/Pglenn/watch/node_modules/.pnpm/@vitest+runner@2.1.9/node_modules/@vitest/runner/dist/index.js:1271:3)\n    at file:///C:/Users/Pglenn/watch/node_modules/.pnpm/vitest@2.1.9_@types+node@22.16.3_happy-dom@15.11.7/node_modules/vitest/dist/chunks/runBaseTests.3qpJUEJM.js:126:11\n    at withEnv (file:///C:/Users/Pglenn/watch/node_modules/.pnpm/vitest@2.1.9_@types+node@22.16.3_happy-dom@15.11.7/node_modules/vitest/dist/chunks/runBaseTests.3qpJUEJM.js:90:5)"],"meta":{}},{"ancestorTitles":["Core Watch Function","Single Element Overload"],"fullName":"Core Watch Function Single Element Overload should watch a specific element","status":"failed","title":"should watch a specific element","duration":62.57269999999994,"failureMessages":["AssertionError: expected false to be true // Object.is equality\n    at C:\\Users\\Pglenn\\watch\\test\\core-watch.test.ts:127:61\n    at file:///C:/Users/Pglenn/watch/node_modules/.pnpm/@vitest+runner@2.1.9/node_modules/@vitest/runner/dist/index.js:533:5\n    at runTest (file:///C:/Users/Pglenn/watch/node_modules/.pnpm/@vitest+runner@2.1.9/node_modules/@vitest/runner/dist/index.js:1056:11)\n    at runSuite (file:///C:/Users/Pglenn/watch/node_modules/.pnpm/@vitest+runner@2.1.9/node_modules/@vitest/runner/dist/index.js:1205:15)\n    at runSuite (file:///C:/Users/Pglenn/watch/node_modules/.pnpm/@vitest+runner@2.1.9/node_modules/@vitest/runner/dist/index.js:1205:15)\n    at runSuite (file:///C:/Users/Pglenn/watch/node_modules/.pnpm/@vitest+runner@2.1.9/node_modules/@vitest/runner/dist/index.js:1205:15)\n    at runFiles (file:///C:/Users/Pglenn/watch/node_modules/.pnpm/@vitest+runner@2.1.9/node_modules/@vitest/runner/dist/index.js:1262:5)\n    at startTests (file:///C:/Users/Pglenn/watch/node_modules/.pnpm/@vitest+runner@2.1.9/node_modules/@vitest/runner/dist/index.js:1271:3)\n    at file:///C:/Users/Pglenn/watch/node_modules/.pnpm/vitest@2.1.9_@types+node@22.16.3_happy-dom@15.11.7/node_modules/vitest/dist/chunks/runBaseTests.3qpJUEJM.js:126:11\n    at withEnv (file:///C:/Users/Pglenn/watch/node_modules/.pnpm/vitest@2.1.9_@types+node@22.16.3_happy-dom@15.11.7/node_modules/vitest/dist/chunks/runBaseTests.3qpJUEJM.js:90:5)"],"meta":{}},{"ancestorTitles":["Core Watch Function","Single Element Overload"],"fullName":"Core Watch Function Single Element Overload should preserve element type","status":"passed","title":"should preserve element type","duration":3.120200000000068,"failureMessages":[],"meta":{}},{"ancestorTitles":["Core Watch Function","Element Matcher Overload"],"fullName":"Core Watch Function Element Matcher Overload should use custom matcher function","status":"failed","title":"should use custom matcher function","duration":61.056299999999965,"failureMessages":["AssertionError: expected [ <input type=\"email\"></input>, …(1) ] to have a length of 1 but got 2\n    at Proxy.<anonymous> (file:///C:/Users/Pglenn/watch/node_modules/.pnpm/@vitest+expect@2.1.9/node_modules/@vitest/expect/dist/index.js:1339:22)\n    at Proxy.<anonymous> (file:///C:/Users/Pglenn/watch/node_modules/.pnpm/@vitest+expect@2.1.9/node_modules/@vitest/expect/dist/index.js:972:17)\n    at Proxy.methodWrapper (file:///C:/Users/Pglenn/watch/node_modules/.pnpm/chai@5.2.1/node_modules/chai/chai.js:1706:25)\n    at C:\\Users\\Pglenn\\watch\\test\\core-watch.test.ts:164:23\n    at file:///C:/Users/Pglenn/watch/node_modules/.pnpm/@vitest+runner@2.1.9/node_modules/@vitest/runner/dist/index.js:533:5\n    at runTest (file:///C:/Users/Pglenn/watch/node_modules/.pnpm/@vitest+runner@2.1.9/node_modules/@vitest/runner/dist/index.js:1056:11)\n    at runSuite (file:///C:/Users/Pglenn/watch/node_modules/.pnpm/@vitest+runner@2.1.9/node_modules/@vitest/runner/dist/index.js:1205:15)\n    at runSuite (file:///C:/Users/Pglenn/watch/node_modules/.pnpm/@vitest+runner@2.1.9/node_modules/@vitest/runner/dist/index.js:1205:15)\n    at runSuite (file:///C:/Users/Pglenn/watch/node_modules/.pnpm/@vitest+runner@2.1.9/node_modules/@vitest/runner/dist/index.js:1205:15)\n    at runFiles (file:///C:/Users/Pglenn/watch/node_modules/.pnpm/@vitest+runner@2.1.9/node_modules/@vitest/runner/dist/index.js:1262:5)"],"meta":{}},{"ancestorTitles":["Core Watch Function","Array of Elements Overload"],"fullName":"Core Watch Function Array of Elements Overload should watch multiple specific elements","status":"failed","title":"should watch multiple specific elements","duration":60.75800000000004,"failureMessages":["AssertionError: expected false to be true // Object.is equality\n    at C:\\Users\\Pglenn\\watch\\test\\core-watch.test.ts:189:56\n    at file:///C:/Users/Pglenn/watch/node_modules/.pnpm/@vitest+runner@2.1.9/node_modules/@vitest/runner/dist/index.js:533:5\n    at runTest (file:///C:/Users/Pglenn/watch/node_modules/.pnpm/@vitest+runner@2.1.9/node_modules/@vitest/runner/dist/index.js:1056:11)\n    at runSuite (file:///C:/Users/Pglenn/watch/node_modules/.pnpm/@vitest+runner@2.1.9/node_modules/@vitest/runner/dist/index.js:1205:15)\n    at runSuite (file:///C:/Users/Pglenn/watch/node_modules/.pnpm/@vitest+runner@2.1.9/node_modules/@vitest/runner/dist/index.js:1205:15)\n    at runSuite (file:///C:/Users/Pglenn/watch/node_modules/.pnpm/@vitest+runner@2.1.9/node_modules/@vitest/runner/dist/index.js:1205:15)\n    at runFiles (file:///C:/Users/Pglenn/watch/node_modules/.pnpm/@vitest+runner@2.1.9/node_modules/@vitest/runner/dist/index.js:1262:5)\n    at startTests (file:///C:/Users/Pglenn/watch/node_modules/.pnpm/@vitest+runner@2.1.9/node_modules/@vitest/runner/dist/index.js:1271:3)\n    at file:///C:/Users/Pglenn/watch/node_modules/.pnpm/vitest@2.1.9_@types+node@22.16.3_happy-dom@15.11.7/node_modules/vitest/dist/chunks/runBaseTests.3qpJUEJM.js:126:11\n    at withEnv (file:///C:/Users/Pglenn/watch/node_modules/.pnpm/vitest@2.1.9_@types+node@22.16.3_happy-dom@15.11.7/node_modules/vitest/dist/chunks/runBaseTests.3qpJUEJM.js:90:5)"],"meta":{}},{"ancestorTitles":["Core Watch Function","NodeList Overload"],"fullName":"Core Watch Function NodeList Overload should watch elements from NodeList","status":"failed","title":"should watch elements from NodeList","duration":63.453399999999874,"failureMessages":["AssertionError: expected false to be true // Object.is equality\n    at C:\\Users\\Pglenn\\watch\\test\\core-watch.test.ts:214:66\n    at file:///C:/Users/Pglenn/watch/node_modules/.pnpm/@vitest+runner@2.1.9/node_modules/@vitest/runner/dist/index.js:533:5\n    at runTest (file:///C:/Users/Pglenn/watch/node_modules/.pnpm/@vitest+runner@2.1.9/node_modules/@vitest/runner/dist/index.js:1056:11)\n    at runSuite (file:///C:/Users/Pglenn/watch/node_modules/.pnpm/@vitest+runner@2.1.9/node_modules/@vitest/runner/dist/index.js:1205:15)\n    at runSuite (file:///C:/Users/Pglenn/watch/node_modules/.pnpm/@vitest+runner@2.1.9/node_modules/@vitest/runner/dist/index.js:1205:15)\n    at runSuite (file:///C:/Users/Pglenn/watch/node_modules/.pnpm/@vitest+runner@2.1.9/node_modules/@vitest/runner/dist/index.js:1205:15)\n    at runFiles (file:///C:/Users/Pglenn/watch/node_modules/.pnpm/@vitest+runner@2.1.9/node_modules/@vitest/runner/dist/index.js:1262:5)\n    at startTests (file:///C:/Users/Pglenn/watch/node_modules/.pnpm/@vitest+runner@2.1.9/node_modules/@vitest/runner/dist/index.js:1271:3)\n    at file:///C:/Users/Pglenn/watch/node_modules/.pnpm/vitest@2.1.9_@types+node@22.16.3_happy-dom@15.11.7/node_modules/vitest/dist/chunks/runBaseTests.3qpJUEJM.js:126:11\n    at withEnv (file:///C:/Users/Pglenn/watch/node_modules/.pnpm/vitest@2.1.9_@types+node@22.16.3_happy-dom@15.11.7/node_modules/vitest/dist/chunks/runBaseTests.3qpJUEJM.js:90:5)"],"meta":{}},{"ancestorTitles":["Core Watch Function","Event Delegation Overload"],"fullName":"Core Watch Function Event Delegation Overload should handle event delegation","status":"failed","title":"should handle event delegation","duration":62.83010000000013,"failureMessages":["AssertionError: expected false to be true // Object.is equality\n    at C:\\Users\\Pglenn\\watch\\test\\core-watch.test.ts:240:52\n    at file:///C:/Users/Pglenn/watch/node_modules/.pnpm/@vitest+runner@2.1.9/node_modules/@vitest/runner/dist/index.js:533:5\n    at runTest (file:///C:/Users/Pglenn/watch/node_modules/.pnpm/@vitest+runner@2.1.9/node_modules/@vitest/runner/dist/index.js:1056:11)\n    at runSuite (file:///C:/Users/Pglenn/watch/node_modules/.pnpm/@vitest+runner@2.1.9/node_modules/@vitest/runner/dist/index.js:1205:15)\n    at runSuite (file:///C:/Users/Pglenn/watch/node_modules/.pnpm/@vitest+runner@2.1.9/node_modules/@vitest/runner/dist/index.js:1205:15)\n    at runSuite (file:///C:/Users/Pglenn/watch/node_modules/.pnpm/@vitest+runner@2.1.9/node_modules/@vitest/runner/dist/index.js:1205:15)\n    at runFiles (file:///C:/Users/Pglenn/watch/node_modules/.pnpm/@vitest+runner@2.1.9/node_modules/@vitest/runner/dist/index.js:1262:5)\n    at startTests (file:///C:/Users/Pglenn/watch/node_modules/.pnpm/@vitest+runner@2.1.9/node_modules/@vitest/runner/dist/index.js:1271:3)\n    at file:///C:/Users/Pglenn/watch/node_modules/.pnpm/vitest@2.1.9_@types+node@22.16.3_happy-dom@15.11.7/node_modules/vitest/dist/chunks/runBaseTests.3qpJUEJM.js:126:11\n    at withEnv (file:///C:/Users/Pglenn/watch/node_modules/.pnpm/vitest@2.1.9_@types+node@22.16.3_happy-dom@15.11.7/node_modules/vitest/dist/chunks/runBaseTests.3qpJUEJM.js:90:5)"],"meta":{}},{"ancestorTitles":["Core Watch Function","Controller System"],"fullName":"Core Watch Function Controller System should return a WatchController with layer capability","status":"failed","title":"should return a WatchController with layer capability","duration":62.11519999999996,"failureMessages":["AssertionError: expected false to be true // Object.is equality\n    at C:\\Users\\Pglenn\\watch\\test\\core-watch.test.ts:267:51\n    at file:///C:/Users/Pglenn/watch/node_modules/.pnpm/@vitest+runner@2.1.9/node_modules/@vitest/runner/dist/index.js:533:5\n    at runTest (file:///C:/Users/Pglenn/watch/node_modules/.pnpm/@vitest+runner@2.1.9/node_modules/@vitest/runner/dist/index.js:1056:11)\n    at runSuite (file:///C:/Users/Pglenn/watch/node_modules/.pnpm/@vitest+runner@2.1.9/node_modules/@vitest/runner/dist/index.js:1205:15)\n    at runSuite (file:///C:/Users/Pglenn/watch/node_modules/.pnpm/@vitest+runner@2.1.9/node_modules/@vitest/runner/dist/index.js:1205:15)\n    at runSuite (file:///C:/Users/Pglenn/watch/node_modules/.pnpm/@vitest+runner@2.1.9/node_modules/@vitest/runner/dist/index.js:1205:15)\n    at runFiles (file:///C:/Users/Pglenn/watch/node_modules/.pnpm/@vitest+runner@2.1.9/node_modules/@vitest/runner/dist/index.js:1262:5)\n    at startTests (file:///C:/Users/Pglenn/watch/node_modules/.pnpm/@vitest+runner@2.1.9/node_modules/@vitest/runner/dist/index.js:1271:3)\n    at file:///C:/Users/Pglenn/watch/node_modules/.pnpm/vitest@2.1.9_@types+node@22.16.3_happy-dom@15.11.7/node_modules/vitest/dist/chunks/runBaseTests.3qpJUEJM.js:126:11\n    at withEnv (file:///C:/Users/Pglenn/watch/node_modules/.pnpm/vitest@2.1.9_@types+node@22.16.3_happy-dom@15.11.7/node_modules/vitest/dist/chunks/runBaseTests.3qpJUEJM.js:90:5)"],"meta":{}},{"ancestorTitles":["Core Watch Function","Controller System"],"fullName":"Core Watch Function Controller System should provide instance introspection","status":"passed","title":"should provide instance introspection","duration":64.67070000000012,"failureMessages":[],"meta":{}},{"ancestorTitles":["Core Watch Function","Controller System"],"fullName":"Core Watch Function Controller System should support singleton controllers per selector","status":"failed","title":"should support singleton controllers per selector","duration":61.499500000000126,"failureMessages":["AssertionError: expected false to be true // Object.is equality\n    at C:\\Users\\Pglenn\\watch\\test\\core-watch.test.ts:312:47\n    at file:///C:/Users/Pglenn/watch/node_modules/.pnpm/@vitest+runner@2.1.9/node_modules/@vitest/runner/dist/index.js:533:5\n    at runTest (file:///C:/Users/Pglenn/watch/node_modules/.pnpm/@vitest+runner@2.1.9/node_modules/@vitest/runner/dist/index.js:1056:11)\n    at runSuite (file:///C:/Users/Pglenn/watch/node_modules/.pnpm/@vitest+runner@2.1.9/node_modules/@vitest/runner/dist/index.js:1205:15)\n    at runSuite (file:///C:/Users/Pglenn/watch/node_modules/.pnpm/@vitest+runner@2.1.9/node_modules/@vitest/runner/dist/index.js:1205:15)\n    at runSuite (file:///C:/Users/Pglenn/watch/node_modules/.pnpm/@vitest+runner@2.1.9/node_modules/@vitest/runner/dist/index.js:1205:15)\n    at runFiles (file:///C:/Users/Pglenn/watch/node_modules/.pnpm/@vitest+runner@2.1.9/node_modules/@vitest/runner/dist/index.js:1262:5)\n    at startTests (file:///C:/Users/Pglenn/watch/node_modules/.pnpm/@vitest+runner@2.1.9/node_modules/@vitest/runner/dist/index.js:1271:3)\n    at file:///C:/Users/Pglenn/watch/node_modules/.pnpm/vitest@2.1.9_@types+node@22.16.3_happy-dom@15.11.7/node_modules/vitest/dist/chunks/runBaseTests.3qpJUEJM.js:126:11\n    at withEnv (file:///C:/Users/Pglenn/watch/node_modules/.pnpm/vitest@2.1.9_@types+node@22.16.3_happy-dom@15.11.7/node_modules/vitest/dist/chunks/runBaseTests.3qpJUEJM.js:90:5)"],"meta":{}},{"ancestorTitles":["Core Watch Function","Controller System"],"fullName":"Core Watch Function Controller System should support functional API for controllers","status":"failed","title":"should support functional API for controllers","duration":62.50720000000001,"failureMessages":["AssertionError: expected false to be true // Object.is equality\n    at C:\\Users\\Pglenn\\watch\\test\\core-watch.test.ts:334:49\n    at file:///C:/Users/Pglenn/watch/node_modules/.pnpm/@vitest+runner@2.1.9/node_modules/@vitest/runner/dist/index.js:533:5\n    at runTest (file:///C:/Users/Pglenn/watch/node_modules/.pnpm/@vitest+runner@2.1.9/node_modules/@vitest/runner/dist/index.js:1056:11)\n    at runSuite (file:///C:/Users/Pglenn/watch/node_modules/.pnpm/@vitest+runner@2.1.9/node_modules/@vitest/runner/dist/index.js:1205:15)\n    at runSuite (file:///C:/Users/Pglenn/watch/node_modules/.pnpm/@vitest+runner@2.1.9/node_modules/@vitest/runner/dist/index.js:1205:15)\n    at runSuite (file:///C:/Users/Pglenn/watch/node_modules/.pnpm/@vitest+runner@2.1.9/node_modules/@vitest/runner/dist/index.js:1205:15)\n    at runFiles (file:///C:/Users/Pglenn/watch/node_modules/.pnpm/@vitest+runner@2.1.9/node_modules/@vitest/runner/dist/index.js:1262:5)\n    at startTests (file:///C:/Users/Pglenn/watch/node_modules/.pnpm/@vitest+runner@2.1.9/node_modules/@vitest/runner/dist/index.js:1271:3)\n    at file:///C:/Users/Pglenn/watch/node_modules/.pnpm/vitest@2.1.9_@types+node@22.16.3_happy-dom@15.11.7/node_modules/vitest/dist/chunks/runBaseTests.3qpJUEJM.js:126:11\n    at withEnv (file:///C:/Users/Pglenn/watch/node_modules/.pnpm/vitest@2.1.9_@types+node@22.16.3_happy-dom@15.11.7/node_modules/vitest/dist/chunks/runBaseTests.3qpJUEJM.js:90:5)"],"meta":{}},{"ancestorTitles":["Core Watch Function","run() Function"],"fullName":"Core Watch Function run() Function should execute generator on existing elements only","status":"failed","title":"should execute generator on existing elements only","duration":111.48599999999988,"failureMessages":["AssertionError: expected false to be true // Object.is equality\n    at C:\\Users\\Pglenn\\watch\\test\\core-watch.test.ts:361:46\n    at file:///C:/Users/Pglenn/watch/node_modules/.pnpm/@vitest+runner@2.1.9/node_modules/@vitest/runner/dist/index.js:533:5\n    at runTest (file:///C:/Users/Pglenn/watch/node_modules/.pnpm/@vitest+runner@2.1.9/node_modules/@vitest/runner/dist/index.js:1056:11)\n    at runSuite (file:///C:/Users/Pglenn/watch/node_modules/.pnpm/@vitest+runner@2.1.9/node_modules/@vitest/runner/dist/index.js:1205:15)\n    at runSuite (file:///C:/Users/Pglenn/watch/node_modules/.pnpm/@vitest+runner@2.1.9/node_modules/@vitest/runner/dist/index.js:1205:15)\n    at runSuite (file:///C:/Users/Pglenn/watch/node_modules/.pnpm/@vitest+runner@2.1.9/node_modules/@vitest/runner/dist/index.js:1205:15)\n    at runFiles (file:///C:/Users/Pglenn/watch/node_modules/.pnpm/@vitest+runner@2.1.9/node_modules/@vitest/runner/dist/index.js:1262:5)\n    at startTests (file:///C:/Users/Pglenn/watch/node_modules/.pnpm/@vitest+runner@2.1.9/node_modules/@vitest/runner/dist/index.js:1271:3)\n    at file:///C:/Users/Pglenn/watch/node_modules/.pnpm/vitest@2.1.9_@types+node@22.16.3_happy-dom@15.11.7/node_modules/vitest/dist/chunks/runBaseTests.3qpJUEJM.js:126:11\n    at withEnv (file:///C:/Users/Pglenn/watch/node_modules/.pnpm/vitest@2.1.9_@types+node@22.16.3_happy-dom@15.11.7/node_modules/vitest/dist/chunks/runBaseTests.3qpJUEJM.js:90:5)"],"meta":{}},{"ancestorTitles":["Core Watch Function","runOn() Function"],"fullName":"Core Watch Function runOn() Function should execute generator on specific element","status":"failed","title":"should execute generator on specific element","duration":1.5435999999999694,"failureMessages":["AssertionError: expected false to be true // Object.is equality\n    at C:\\Users\\Pglenn\\watch\\test\\core-watch.test.ts:379:51\n    at file:///C:/Users/Pglenn/watch/node_modules/.pnpm/@vitest+runner@2.1.9/node_modules/@vitest/runner/dist/index.js:533:5\n    at runTest (file:///C:/Users/Pglenn/watch/node_modules/.pnpm/@vitest+runner@2.1.9/node_modules/@vitest/runner/dist/index.js:1056:11)\n    at runSuite (file:///C:/Users/Pglenn/watch/node_modules/.pnpm/@vitest+runner@2.1.9/node_modules/@vitest/runner/dist/index.js:1205:15)\n    at runSuite (file:///C:/Users/Pglenn/watch/node_modules/.pnpm/@vitest+runner@2.1.9/node_modules/@vitest/runner/dist/index.js:1205:15)\n    at runSuite (file:///C:/Users/Pglenn/watch/node_modules/.pnpm/@vitest+runner@2.1.9/node_modules/@vitest/runner/dist/index.js:1205:15)\n    at runFiles (file:///C:/Users/Pglenn/watch/node_modules/.pnpm/@vitest+runner@2.1.9/node_modules/@vitest/runner/dist/index.js:1262:5)\n    at startTests (file:///C:/Users/Pglenn/watch/node_modules/.pnpm/@vitest+runner@2.1.9/node_modules/@vitest/runner/dist/index.js:1271:3)\n    at file:///C:/Users/Pglenn/watch/node_modules/.pnpm/vitest@2.1.9_@types+node@22.16.3_happy-dom@15.11.7/node_modules/vitest/dist/chunks/runBaseTests.3qpJUEJM.js:126:11\n    at withEnv (file:///C:/Users/Pglenn/watch/node_modules/.pnpm/vitest@2.1.9_@types+node@22.16.3_happy-dom@15.11.7/node_modules/vitest/dist/chunks/runBaseTests.3qpJUEJM.js:90:5)"],"meta":{}},{"ancestorTitles":["Core Watch Function","runOn() Function"],"fullName":"Core Watch Function runOn() Function should return generator return value","status":"passed","title":"should return generator return value","duration":0.9061000000001513,"failureMessages":[],"meta":{}},{"ancestorTitles":["Core Watch Function","Context Parameter Support"],"fullName":"Core Watch Function Context Parameter Support should support both context parameter and global functions","status":"passed","title":"should support both context parameter and global functions","duration":3.087199999999939,"failureMessages":[],"meta":{}},{"ancestorTitles":["Core Watch Function","Error Handling"],"fullName":"Core Watch Function Error Handling should handle generator errors gracefully","status":"passed","title":"should handle generator errors gracefully","duration":57.04119999999966,"failureMessages":[],"meta":{}},{"ancestorTitles":["Core Watch Function","Error Handling"],"fullName":"Core Watch Function Error Handling should handle async generator errors","status":"failed","title":"should handle async generator errors","duration":18.134700000000066,"failureMessages":["Error: promise resolved \"undefined\" instead of rejecting\n    at _Assertion.__VITEST_REJECTS__ (file:///C:/Users/Pglenn/watch/node_modules/.pnpm/@vitest+expect@2.1.9/node_modules/@vitest/expect/dist/index.js:1805:21)\n    at _Assertion.propertyGetter (file:///C:/Users/Pglenn/watch/node_modules/.pnpm/chai@5.2.1/node_modules/chai/chai.js:1577:27)\n    at Reflect.get (<anonymous>)\n    at Object.proxyGetter [as get] (file:///C:/Users/Pglenn/watch/node_modules/.pnpm/chai@5.2.1/node_modules/chai/chai.js:1665:22)\n    at C:\\Users\\Pglenn\\watch\\test\\core-watch.test.ts:437:9\n    at file:///C:/Users/Pglenn/watch/node_modules/.pnpm/@vitest+runner@2.1.9/node_modules/@vitest/runner/dist/index.js:146:14\n    at file:///C:/Users/Pglenn/watch/node_modules/.pnpm/@vitest+runner@2.1.9/node_modules/@vitest/runner/dist/index.js:533:11\n    at runWithTimeout (file:///C:/Users/Pglenn/watch/node_modules/.pnpm/@vitest+runner@2.1.9/node_modules/@vitest/runner/dist/index.js:39:7)\n    at runTest (file:///C:/Users/Pglenn/watch/node_modules/.pnpm/@vitest+runner@2.1.9/node_modules/@vitest/runner/dist/index.js:1056:17)\n    at runSuite (file:///C:/Users/Pglenn/watch/node_modules/.pnpm/@vitest+runner@2.1.9/node_modules/@vitest/runner/dist/index.js:1205:15)"],"meta":{}},{"ancestorTitles":["Core Watch Function","Memory Management"],"fullName":"Core Watch Function Memory Management should clean up when elements are removed","status":"failed","title":"should clean up when elements are removed","duration":61.846900000000005,"failureMessages":["AssertionError: expected false to be true // Object.is equality\n    at C:\\Users\\Pglenn\\watch\\test\\core-watch.test.ts:454:52\n    at file:///C:/Users/Pglenn/watch/node_modules/.pnpm/@vitest+runner@2.1.9/node_modules/@vitest/runner/dist/index.js:533:5\n    at runTest (file:///C:/Users/Pglenn/watch/node_modules/.pnpm/@vitest+runner@2.1.9/node_modules/@vitest/runner/dist/index.js:1056:11)\n    at runSuite (file:///C:/Users/Pglenn/watch/node_modules/.pnpm/@vitest+runner@2.1.9/node_modules/@vitest/runner/dist/index.js:1205:15)\n    at runSuite (file:///C:/Users/Pglenn/watch/node_modules/.pnpm/@vitest+runner@2.1.9/node_modules/@vitest/runner/dist/index.js:1205:15)\n    at runSuite (file:///C:/Users/Pglenn/watch/node_modules/.pnpm/@vitest+runner@2.1.9/node_modules/@vitest/runner/dist/index.js:1205:15)\n    at runFiles (file:///C:/Users/Pglenn/watch/node_modules/.pnpm/@vitest+runner@2.1.9/node_modules/@vitest/runner/dist/index.js:1262:5)\n    at startTests (file:///C:/Users/Pglenn/watch/node_modules/.pnpm/@vitest+runner@2.1.9/node_modules/@vitest/runner/dist/index.js:1271:3)\n    at file:///C:/Users/Pglenn/watch/node_modules/.pnpm/vitest@2.1.9_@types+node@22.16.3_happy-dom@15.11.7/node_modules/vitest/dist/chunks/runBaseTests.3qpJUEJM.js:126:11\n    at withEnv (file:///C:/Users/Pglenn/watch/node_modules/.pnpm/vitest@2.1.9_@types+node@22.16.3_happy-dom@15.11.7/node_modules/vitest/dist/chunks/runBaseTests.3qpJUEJM.js:90:5)"],"meta":{}},{"ancestorTitles":["Core Watch Function","Memory Management"],"fullName":"Core Watch Function Memory Management should clean up when controller is destroyed","status":"failed","title":"should clean up when controller is destroyed","duration":126.45010000000002,"failureMessages":["AssertionError: expected \"spy\" to be called at least once\n    at Proxy.<anonymous> (file:///C:/Users/Pglenn/watch/node_modules/.pnpm/@vitest+expect@2.1.9/node_modules/@vitest/expect/dist/index.js:1448:13)\n    at Proxy.<anonymous> (file:///C:/Users/Pglenn/watch/node_modules/.pnpm/@vitest+expect@2.1.9/node_modules/@vitest/expect/dist/index.js:972:17)\n    at Proxy.methodWrapper (file:///C:/Users/Pglenn/watch/node_modules/.pnpm/chai@5.2.1/node_modules/chai/chai.js:1706:25)\n    at C:\\Users\\Pglenn\\watch\\test\\core-watch.test.ts:478:26\n    at file:///C:/Users/Pglenn/watch/node_modules/.pnpm/@vitest+runner@2.1.9/node_modules/@vitest/runner/dist/index.js:533:5\n    at runTest (file:///C:/Users/Pglenn/watch/node_modules/.pnpm/@vitest+runner@2.1.9/node_modules/@vitest/runner/dist/index.js:1056:11)\n    at runSuite (file:///C:/Users/Pglenn/watch/node_modules/.pnpm/@vitest+runner@2.1.9/node_modules/@vitest/runner/dist/index.js:1205:15)\n    at runSuite (file:///C:/Users/Pglenn/watch/node_modules/.pnpm/@vitest+runner@2.1.9/node_modules/@vitest/runner/dist/index.js:1205:15)\n    at runSuite (file:///C:/Users/Pglenn/watch/node_modules/.pnpm/@vitest+runner@2.1.9/node_modules/@vitest/runner/dist/index.js:1205:15)\n    at runFiles (file:///C:/Users/Pglenn/watch/node_modules/.pnpm/@vitest+runner@2.1.9/node_modules/@vitest/runner/dist/index.js:1262:5)"],"meta":{}},{"ancestorTitles":["Core Watch Function","Type Safety"],"fullName":"Core Watch Function Type Safety should infer correct element types from selectors","status":"passed","title":"should infer correct element types from selectors","duration":67.0925000000002,"failureMessages":[],"meta":{}}],"startTime":1752511526676,"endTime":1752511527958.0925,"status":"failed","message":"","name":"C:/Users/Pglenn/watch/test/core-watch.test.ts"},{"assertionResults":[{"ancestorTitles":["DOM Manipulation Functions","Text Content Manipulation","text() - Direct API"],"fullName":"DOM Manipulation Functions Text Content Manipulation text() - Direct API should set text content directly","status":"passed","title":"should set text content directly","duration":4.801999999999907,"failureMessages":[],"meta":{}},{"ancestorTitles":["DOM Manipulation Functions","Text Content Manipulation","text() - Direct API"],"fullName":"DOM Manipulation Functions Text Content Manipulation text() - Direct API should get text content when value not provided","status":"passed","title":"should get text content when value not provided","duration":1.3161999999999807,"failureMessages":[],"meta":{}},{"ancestorTitles":["DOM Manipulation Functions","Text Content Manipulation","text() - Direct API"],"fullName":"DOM Manipulation Functions Text Content Manipulation text() - Direct API should handle special characters","status":"passed","title":"should handle special characters","duration":1.4330999999999676,"failureMessages":[],"meta":{}},{"ancestorTitles":["DOM Manipulation Functions","Text Content Manipulation","text() - Generator API"],"fullName":"DOM Manipulation Functions Text Content Manipulation text() - Generator API should set text content via generator","status":"failed","title":"should set text content via generator","duration":38.45720000000006,"failureMessages":["AssertionError: expected '' to be 'Generator text' // Object.is equality\n    at C:\\Users\\Pglenn\\watch\\test\\dom-manipulation.test.ts:83:37\n    at processTicksAndRejections (node:internal/process/task_queues:105:5)\n    at file:///C:/Users/Pglenn/watch/node_modules/.pnpm/@vitest+runner@2.1.9/node_modules/@vitest/runner/dist/index.js:533:5\n    at runTest (file:///C:/Users/Pglenn/watch/node_modules/.pnpm/@vitest+runner@2.1.9/node_modules/@vitest/runner/dist/index.js:1056:11)\n    at runSuite (file:///C:/Users/Pglenn/watch/node_modules/.pnpm/@vitest+runner@2.1.9/node_modules/@vitest/runner/dist/index.js:1205:15)\n    at runSuite (file:///C:/Users/Pglenn/watch/node_modules/.pnpm/@vitest+runner@2.1.9/node_modules/@vitest/runner/dist/index.js:1205:15)\n    at runSuite (file:///C:/Users/Pglenn/watch/node_modules/.pnpm/@vitest+runner@2.1.9/node_modules/@vitest/runner/dist/index.js:1205:15)\n    at runSuite (file:///C:/Users/Pglenn/watch/node_modules/.pnpm/@vitest+runner@2.1.9/node_modules/@vitest/runner/dist/index.js:1205:15)\n    at runFiles (file:///C:/Users/Pglenn/watch/node_modules/.pnpm/@vitest+runner@2.1.9/node_modules/@vitest/runner/dist/index.js:1262:5)\n    at startTests (file:///C:/Users/Pglenn/watch/node_modules/.pnpm/@vitest+runner@2.1.9/node_modules/@vitest/runner/dist/index.js:1271:3)"],"meta":{}},{"ancestorTitles":["DOM Manipulation Functions","Text Content Manipulation","text() - Generator API"],"fullName":"DOM Manipulation Functions Text Content Manipulation text() - Generator API should update text content multiple times","status":"failed","title":"should update text content multiple times","duration":2.2346999999999753,"failureMessages":["AssertionError: expected '' to be 'Third' // Object.is equality\n    at C:\\Users\\Pglenn\\watch\\test\\dom-manipulation.test.ts:95:37\n    at processTicksAndRejections (node:internal/process/task_queues:105:5)\n    at file:///C:/Users/Pglenn/watch/node_modules/.pnpm/@vitest+runner@2.1.9/node_modules/@vitest/runner/dist/index.js:533:5\n    at runTest (file:///C:/Users/Pglenn/watch/node_modules/.pnpm/@vitest+runner@2.1.9/node_modules/@vitest/runner/dist/index.js:1056:11)\n    at runSuite (file:///C:/Users/Pglenn/watch/node_modules/.pnpm/@vitest+runner@2.1.9/node_modules/@vitest/runner/dist/index.js:1205:15)\n    at runSuite (file:///C:/Users/Pglenn/watch/node_modules/.pnpm/@vitest+runner@2.1.9/node_modules/@vitest/runner/dist/index.js:1205:15)\n    at runSuite (file:///C:/Users/Pglenn/watch/node_modules/.pnpm/@vitest+runner@2.1.9/node_modules/@vitest/runner/dist/index.js:1205:15)\n    at runSuite (file:///C:/Users/Pglenn/watch/node_modules/.pnpm/@vitest+runner@2.1.9/node_modules/@vitest/runner/dist/index.js:1205:15)\n    at runFiles (file:///C:/Users/Pglenn/watch/node_modules/.pnpm/@vitest+runner@2.1.9/node_modules/@vitest/runner/dist/index.js:1262:5)\n    at startTests (file:///C:/Users/Pglenn/watch/node_modules/.pnpm/@vitest+runner@2.1.9/node_modules/@vitest/runner/dist/index.js:1271:3)"],"meta":{}},{"ancestorTitles":["DOM Manipulation Functions","HTML Content Manipulation","html() - Direct API"],"fullName":"DOM Manipulation Functions HTML Content Manipulation html() - Direct API should set innerHTML directly","status":"passed","title":"should set innerHTML directly","duration":2.14650000000006,"failureMessages":[],"meta":{}},{"ancestorTitles":["DOM Manipulation Functions","HTML Content Manipulation","html() - Direct API"],"fullName":"DOM Manipulation Functions HTML Content Manipulation html() - Direct API should get innerHTML when value not provided","status":"passed","title":"should get innerHTML when value not provided","duration":1.4777000000001408,"failureMessages":[],"meta":{}},{"ancestorTitles":["DOM Manipulation Functions","HTML Content Manipulation","html() - Generator API"],"fullName":"DOM Manipulation Functions HTML Content Manipulation html() - Generator API should set innerHTML via generator","status":"failed","title":"should set innerHTML via generator","duration":16.290100000000166,"failureMessages":["AssertionError: expected '' to be '<strong>Bold text</strong>' // Object.is equality\n    at C:\\Users\\Pglenn\\watch\\test\\dom-manipulation.test.ts:124:35\n    at processTicksAndRejections (node:internal/process/task_queues:105:5)\n    at file:///C:/Users/Pglenn/watch/node_modules/.pnpm/@vitest+runner@2.1.9/node_modules/@vitest/runner/dist/index.js:533:5\n    at runTest (file:///C:/Users/Pglenn/watch/node_modules/.pnpm/@vitest+runner@2.1.9/node_modules/@vitest/runner/dist/index.js:1056:11)\n    at runSuite (file:///C:/Users/Pglenn/watch/node_modules/.pnpm/@vitest+runner@2.1.9/node_modules/@vitest/runner/dist/index.js:1205:15)\n    at runSuite (file:///C:/Users/Pglenn/watch/node_modules/.pnpm/@vitest+runner@2.1.9/node_modules/@vitest/runner/dist/index.js:1205:15)\n    at runSuite (file:///C:/Users/Pglenn/watch/node_modules/.pnpm/@vitest+runner@2.1.9/node_modules/@vitest/runner/dist/index.js:1205:15)\n    at runSuite (file:///C:/Users/Pglenn/watch/node_modules/.pnpm/@vitest+runner@2.1.9/node_modules/@vitest/runner/dist/index.js:1205:15)\n    at runFiles (file:///C:/Users/Pglenn/watch/node_modules/.pnpm/@vitest+runner@2.1.9/node_modules/@vitest/runner/dist/index.js:1262:5)\n    at startTests (file:///C:/Users/Pglenn/watch/node_modules/.pnpm/@vitest+runner@2.1.9/node_modules/@vitest/runner/dist/index.js:1271:3)"],"meta":{}},{"ancestorTitles":["DOM Manipulation Functions","HTML Content Manipulation","html() - Generator API"],"fullName":"DOM Manipulation Functions HTML Content Manipulation html() - Generator API should handle complex HTML structures","status":"failed","title":"should handle complex HTML structures","duration":6.9047999999997955,"failureMessages":["AssertionError: expected  to have a length of 3 but got +0\n    at Proxy.<anonymous> (file:///C:/Users/Pglenn/watch/node_modules/.pnpm/@vitest+expect@2.1.9/node_modules/@vitest/expect/dist/index.js:1339:22)\n    at Proxy.<anonymous> (file:///C:/Users/Pglenn/watch/node_modules/.pnpm/@vitest+expect@2.1.9/node_modules/@vitest/expect/dist/index.js:972:17)\n    at Proxy.methodWrapper (file:///C:/Users/Pglenn/watch/node_modules/.pnpm/chai@5.2.1/node_modules/chai/chai.js:1706:25)\n    at C:\\Users\\Pglenn\\watch\\test\\dom-manipulation.test.ts:142:27\n    at processTicksAndRejections (node:internal/process/task_queues:105:5)\n    at file:///C:/Users/Pglenn/watch/node_modules/.pnpm/@vitest+runner@2.1.9/node_modules/@vitest/runner/dist/index.js:533:5\n    at runTest (file:///C:/Users/Pglenn/watch/node_modules/.pnpm/@vitest+runner@2.1.9/node_modules/@vitest/runner/dist/index.js:1056:11)\n    at runSuite (file:///C:/Users/Pglenn/watch/node_modules/.pnpm/@vitest+runner@2.1.9/node_modules/@vitest/runner/dist/index.js:1205:15)\n    at runSuite (file:///C:/Users/Pglenn/watch/node_modules/.pnpm/@vitest+runner@2.1.9/node_modules/@vitest/runner/dist/index.js:1205:15)\n    at runSuite (file:///C:/Users/Pglenn/watch/node_modules/.pnpm/@vitest+runner@2.1.9/node_modules/@vitest/runner/dist/index.js:1205:15)"],"meta":{}},{"ancestorTitles":["DOM Manipulation Functions","Class Manipulation","addClass() - Direct and Generator API"],"fullName":"DOM Manipulation Functions Class Manipulation addClass() - Direct and Generator API should add single class directly","status":"passed","title":"should add single class directly","duration":1.9296999999999116,"failureMessages":[],"meta":{}},{"ancestorTitles":["DOM Manipulation Functions","Class Manipulation","addClass() - Direct and Generator API"],"fullName":"DOM Manipulation Functions Class Manipulation addClass() - Direct and Generator API should add multiple classes directly","status":"passed","title":"should add multiple classes directly","duration":2.823599999999942,"failureMessages":[],"meta":{}},{"ancestorTitles":["DOM Manipulation Functions","Class Manipulation","addClass() - Direct and Generator API"],"fullName":"DOM Manipulation Functions Class Manipulation addClass() - Direct and Generator API should add classes via generator","status":"failed","title":"should add classes via generator","duration":3.4025000000001455,"failureMessages":["AssertionError: expected false to be true // Object.is equality\n    at C:\\Users\\Pglenn\\watch\\test\\dom-manipulation.test.ts:173:63\n    at processTicksAndRejections (node:internal/process/task_queues:105:5)\n    at file:///C:/Users/Pglenn/watch/node_modules/.pnpm/@vitest+runner@2.1.9/node_modules/@vitest/runner/dist/index.js:533:5\n    at runTest (file:///C:/Users/Pglenn/watch/node_modules/.pnpm/@vitest+runner@2.1.9/node_modules/@vitest/runner/dist/index.js:1056:11)\n    at runSuite (file:///C:/Users/Pglenn/watch/node_modules/.pnpm/@vitest+runner@2.1.9/node_modules/@vitest/runner/dist/index.js:1205:15)\n    at runSuite (file:///C:/Users/Pglenn/watch/node_modules/.pnpm/@vitest+runner@2.1.9/node_modules/@vitest/runner/dist/index.js:1205:15)\n    at runSuite (file:///C:/Users/Pglenn/watch/node_modules/.pnpm/@vitest+runner@2.1.9/node_modules/@vitest/runner/dist/index.js:1205:15)\n    at runSuite (file:///C:/Users/Pglenn/watch/node_modules/.pnpm/@vitest+runner@2.1.9/node_modules/@vitest/runner/dist/index.js:1205:15)\n    at runFiles (file:///C:/Users/Pglenn/watch/node_modules/.pnpm/@vitest+runner@2.1.9/node_modules/@vitest/runner/dist/index.js:1262:5)\n    at startTests (file:///C:/Users/Pglenn/watch/node_modules/.pnpm/@vitest+runner@2.1.9/node_modules/@vitest/runner/dist/index.js:1271:3)"],"meta":{}},{"ancestorTitles":["DOM Manipulation Functions","Class Manipulation","removeClass() - Direct and Generator API"],"fullName":"DOM Manipulation Functions Class Manipulation removeClass() - Direct and Generator API should remove single class directly","status":"passed","title":"should remove single class directly","duration":3.1270999999999276,"failureMessages":[],"meta":{}},{"ancestorTitles":["DOM Manipulation Functions","Class Manipulation","removeClass() - Direct and Generator API"],"fullName":"DOM Manipulation Functions Class Manipulation removeClass() - Direct and Generator API should remove multiple classes directly","status":"passed","title":"should remove multiple classes directly","duration":4.684099999999944,"failureMessages":[],"meta":{}},{"ancestorTitles":["DOM Manipulation Functions","Class Manipulation","removeClass() - Direct and Generator API"],"fullName":"DOM Manipulation Functions Class Manipulation removeClass() - Direct and Generator API should remove classes via generator","status":"failed","title":"should remove classes via generator","duration":2.407899999999927,"failureMessages":["AssertionError: expected true to be false // Object.is equality\n    at C:\\Users\\Pglenn\\watch\\test\\dom-manipulation.test.ts:202:57\n    at processTicksAndRejections (node:internal/process/task_queues:105:5)\n    at file:///C:/Users/Pglenn/watch/node_modules/.pnpm/@vitest+runner@2.1.9/node_modules/@vitest/runner/dist/index.js:533:5\n    at runTest (file:///C:/Users/Pglenn/watch/node_modules/.pnpm/@vitest+runner@2.1.9/node_modules/@vitest/runner/dist/index.js:1056:11)\n    at runSuite (file:///C:/Users/Pglenn/watch/node_modules/.pnpm/@vitest+runner@2.1.9/node_modules/@vitest/runner/dist/index.js:1205:15)\n    at runSuite (file:///C:/Users/Pglenn/watch/node_modules/.pnpm/@vitest+runner@2.1.9/node_modules/@vitest/runner/dist/index.js:1205:15)\n    at runSuite (file:///C:/Users/Pglenn/watch/node_modules/.pnpm/@vitest+runner@2.1.9/node_modules/@vitest/runner/dist/index.js:1205:15)\n    at runSuite (file:///C:/Users/Pglenn/watch/node_modules/.pnpm/@vitest+runner@2.1.9/node_modules/@vitest/runner/dist/index.js:1205:15)\n    at runFiles (file:///C:/Users/Pglenn/watch/node_modules/.pnpm/@vitest+runner@2.1.9/node_modules/@vitest/runner/dist/index.js:1262:5)\n    at startTests (file:///C:/Users/Pglenn/watch/node_modules/.pnpm/@vitest+runner@2.1.9/node_modules/@vitest/runner/dist/index.js:1271:3)"],"meta":{}},{"ancestorTitles":["DOM Manipulation Functions","Class Manipulation","toggleClass() - Direct and Generator API"],"fullName":"DOM Manipulation Functions Class Manipulation toggleClass() - Direct and Generator API should toggle class directly","status":"passed","title":"should toggle class directly","duration":1.4745000000000346,"failureMessages":[],"meta":{}},{"ancestorTitles":["DOM Manipulation Functions","Class Manipulation","toggleClass() - Direct and Generator API"],"fullName":"DOM Manipulation Functions Class Manipulation toggleClass() - Direct and Generator API should force toggle with boolean","status":"passed","title":"should force toggle with boolean","duration":0.8454999999999018,"failureMessages":[],"meta":{}},{"ancestorTitles":["DOM Manipulation Functions","Class Manipulation","toggleClass() - Direct and Generator API"],"fullName":"DOM Manipulation Functions Class Manipulation toggleClass() - Direct and Generator API should toggle class via generator","status":"failed","title":"should toggle class via generator","duration":11.221000000000004,"failureMessages":["AssertionError: expected false to be true // Object.is equality\n    at C:\\Users\\Pglenn\\watch\\test\\dom-manipulation.test.ts:241:59\n    at processTicksAndRejections (node:internal/process/task_queues:105:5)\n    at file:///C:/Users/Pglenn/watch/node_modules/.pnpm/@vitest+runner@2.1.9/node_modules/@vitest/runner/dist/index.js:533:5\n    at runTest (file:///C:/Users/Pglenn/watch/node_modules/.pnpm/@vitest+runner@2.1.9/node_modules/@vitest/runner/dist/index.js:1056:11)\n    at runSuite (file:///C:/Users/Pglenn/watch/node_modules/.pnpm/@vitest+runner@2.1.9/node_modules/@vitest/runner/dist/index.js:1205:15)\n    at runSuite (file:///C:/Users/Pglenn/watch/node_modules/.pnpm/@vitest+runner@2.1.9/node_modules/@vitest/runner/dist/index.js:1205:15)\n    at runSuite (file:///C:/Users/Pglenn/watch/node_modules/.pnpm/@vitest+runner@2.1.9/node_modules/@vitest/runner/dist/index.js:1205:15)\n    at runSuite (file:///C:/Users/Pglenn/watch/node_modules/.pnpm/@vitest+runner@2.1.9/node_modules/@vitest/runner/dist/index.js:1205:15)\n    at runFiles (file:///C:/Users/Pglenn/watch/node_modules/.pnpm/@vitest+runner@2.1.9/node_modules/@vitest/runner/dist/index.js:1262:5)\n    at startTests (file:///C:/Users/Pglenn/watch/node_modules/.pnpm/@vitest+runner@2.1.9/node_modules/@vitest/runner/dist/index.js:1271:3)"],"meta":{}},{"ancestorTitles":["DOM Manipulation Functions","Class Manipulation","hasClass() - Query function"],"fullName":"DOM Manipulation Functions Class Manipulation hasClass() - Query function should check if class exists","status":"passed","title":"should check if class exists","duration":1.4943000000000666,"failureMessages":[],"meta":{}},{"ancestorTitles":["DOM Manipulation Functions","Style Manipulation","style() - Direct and Generator API"],"fullName":"DOM Manipulation Functions Style Manipulation style() - Direct and Generator API should set single style property directly","status":"passed","title":"should set single style property directly","duration":2.588999999999942,"failureMessages":[],"meta":{}},{"ancestorTitles":["DOM Manipulation Functions","Style Manipulation","style() - Direct and Generator API"],"fullName":"DOM Manipulation Functions Style Manipulation style() - Direct and Generator API should set multiple style properties with object","status":"passed","title":"should set multiple style properties with object","duration":2.187900000000127,"failureMessages":[],"meta":{}},{"ancestorTitles":["DOM Manipulation Functions","Style Manipulation","style() - Direct and Generator API"],"fullName":"DOM Manipulation Functions Style Manipulation style() - Direct and Generator API should get style property when value not provided","status":"failed","title":"should get style property when value not provided","duration":1.4039999999999964,"failureMessages":["AssertionError: expected undefined to be '100px' // Object.is equality\n    at C:\\Users\\Pglenn\\watch\\test\\dom-manipulation.test.ts:279:41\n    at file:///C:/Users/Pglenn/watch/node_modules/.pnpm/@vitest+runner@2.1.9/node_modules/@vitest/runner/dist/index.js:146:14\n    at file:///C:/Users/Pglenn/watch/node_modules/.pnpm/@vitest+runner@2.1.9/node_modules/@vitest/runner/dist/index.js:533:11\n    at runWithTimeout (file:///C:/Users/Pglenn/watch/node_modules/.pnpm/@vitest+runner@2.1.9/node_modules/@vitest/runner/dist/index.js:39:7)\n    at runTest (file:///C:/Users/Pglenn/watch/node_modules/.pnpm/@vitest+runner@2.1.9/node_modules/@vitest/runner/dist/index.js:1056:17)\n    at processTicksAndRejections (node:internal/process/task_queues:105:5)\n    at runSuite (file:///C:/Users/Pglenn/watch/node_modules/.pnpm/@vitest+runner@2.1.9/node_modules/@vitest/runner/dist/index.js:1205:15)\n    at runSuite (file:///C:/Users/Pglenn/watch/node_modules/.pnpm/@vitest+runner@2.1.9/node_modules/@vitest/runner/dist/index.js:1205:15)\n    at runSuite (file:///C:/Users/Pglenn/watch/node_modules/.pnpm/@vitest+runner@2.1.9/node_modules/@vitest/runner/dist/index.js:1205:15)\n    at runSuite (file:///C:/Users/Pglenn/watch/node_modules/.pnpm/@vitest+runner@2.1.9/node_modules/@vitest/runner/dist/index.js:1205:15)"],"meta":{}},{"ancestorTitles":["DOM Manipulation Functions","Style Manipulation","style() - Direct and Generator API"],"fullName":"DOM Manipulation Functions Style Manipulation style() - Direct and Generator API should set styles via generator","status":"failed","title":"should set styles via generator","duration":2.7445999999999913,"failureMessages":["AssertionError: expected '' to be '200px' // Object.is equality\n    at C:\\Users\\Pglenn\\watch\\test\\dom-manipulation.test.ts:293:38\n    at processTicksAndRejections (node:internal/process/task_queues:105:5)\n    at file:///C:/Users/Pglenn/watch/node_modules/.pnpm/@vitest+runner@2.1.9/node_modules/@vitest/runner/dist/index.js:533:5\n    at runTest (file:///C:/Users/Pglenn/watch/node_modules/.pnpm/@vitest+runner@2.1.9/node_modules/@vitest/runner/dist/index.js:1056:11)\n    at runSuite (file:///C:/Users/Pglenn/watch/node_modules/.pnpm/@vitest+runner@2.1.9/node_modules/@vitest/runner/dist/index.js:1205:15)\n    at runSuite (file:///C:/Users/Pglenn/watch/node_modules/.pnpm/@vitest+runner@2.1.9/node_modules/@vitest/runner/dist/index.js:1205:15)\n    at runSuite (file:///C:/Users/Pglenn/watch/node_modules/.pnpm/@vitest+runner@2.1.9/node_modules/@vitest/runner/dist/index.js:1205:15)\n    at runSuite (file:///C:/Users/Pglenn/watch/node_modules/.pnpm/@vitest+runner@2.1.9/node_modules/@vitest/runner/dist/index.js:1205:15)\n    at runFiles (file:///C:/Users/Pglenn/watch/node_modules/.pnpm/@vitest+runner@2.1.9/node_modules/@vitest/runner/dist/index.js:1262:5)\n    at startTests (file:///C:/Users/Pglenn/watch/node_modules/.pnpm/@vitest+runner@2.1.9/node_modules/@vitest/runner/dist/index.js:1271:3)"],"meta":{}},{"ancestorTitles":["DOM Manipulation Functions","Style Manipulation","style() - Direct and Generator API"],"fullName":"DOM Manipulation Functions Style Manipulation style() - Direct and Generator API should handle CSS custom properties","status":"failed","title":"should handle CSS custom properties","duration":1.8201000000001386,"failureMessages":["AssertionError: expected '' to be '#ff0000' // Object.is equality\n    at C:\\Users\\Pglenn\\watch\\test\\dom-manipulation.test.ts:309:66\n    at processTicksAndRejections (node:internal/process/task_queues:105:5)\n    at file:///C:/Users/Pglenn/watch/node_modules/.pnpm/@vitest+runner@2.1.9/node_modules/@vitest/runner/dist/index.js:533:5\n    at runTest (file:///C:/Users/Pglenn/watch/node_modules/.pnpm/@vitest+runner@2.1.9/node_modules/@vitest/runner/dist/index.js:1056:11)\n    at runSuite (file:///C:/Users/Pglenn/watch/node_modules/.pnpm/@vitest+runner@2.1.9/node_modules/@vitest/runner/dist/index.js:1205:15)\n    at runSuite (file:///C:/Users/Pglenn/watch/node_modules/.pnpm/@vitest+runner@2.1.9/node_modules/@vitest/runner/dist/index.js:1205:15)\n    at runSuite (file:///C:/Users/Pglenn/watch/node_modules/.pnpm/@vitest+runner@2.1.9/node_modules/@vitest/runner/dist/index.js:1205:15)\n    at runSuite (file:///C:/Users/Pglenn/watch/node_modules/.pnpm/@vitest+runner@2.1.9/node_modules/@vitest/runner/dist/index.js:1205:15)\n    at runFiles (file:///C:/Users/Pglenn/watch/node_modules/.pnpm/@vitest+runner@2.1.9/node_modules/@vitest/runner/dist/index.js:1262:5)\n    at startTests (file:///C:/Users/Pglenn/watch/node_modules/.pnpm/@vitest+runner@2.1.9/node_modules/@vitest/runner/dist/index.js:1271:3)"],"meta":{}},{"ancestorTitles":["DOM Manipulation Functions","Attribute Manipulation","attr() - Direct and Generator API"],"fullName":"DOM Manipulation Functions Attribute Manipulation attr() - Direct and Generator API should set attribute directly","status":"passed","title":"should set attribute directly","duration":0.6687000000001717,"failureMessages":[],"meta":{}},{"ancestorTitles":["DOM Manipulation Functions","Attribute Manipulation","attr() - Direct and Generator API"],"fullName":"DOM Manipulation Functions Attribute Manipulation attr() - Direct and Generator API should set multiple attributes with object","status":"failed","title":"should set multiple attributes with object","duration":41.24350000000004,"failureMessages":["TypeError: name.toLowerCase is not a function\n    at NamedNodeMap.[getNamedItemKey] (file:///C:/Users/Pglenn/watch/node_modules/.pnpm/happy-dom@15.11.7/node_modules/happy-dom/src/nodes/element/NamedNodeMap.ts:253:16)\n    at NamedNodeMap.getNamedItem (file:///C:/Users/Pglenn/watch/node_modules/.pnpm/happy-dom@15.11.7/node_modules/happy-dom/src/nodes/element/NamedNodeMap.ts:88:41)\n    at HTMLDivElement.getAttribute (file:///C:/Users/Pglenn/watch/node_modules/.pnpm/happy-dom@15.11.7/node_modules/happy-dom/src/nodes/element/Element.ts:736:53)\n    at Module.attr (C:\\Users\\Pglenn\\watch\\src\\api\\dom.ts:296:21)\n    at C:\\Users\\Pglenn\\watch\\test\\dom-manipulation.test.ts:325:9\n    at file:///C:/Users/Pglenn/watch/node_modules/.pnpm/@vitest+runner@2.1.9/node_modules/@vitest/runner/dist/index.js:146:14\n    at file:///C:/Users/Pglenn/watch/node_modules/.pnpm/@vitest+runner@2.1.9/node_modules/@vitest/runner/dist/index.js:533:11\n    at runWithTimeout (file:///C:/Users/Pglenn/watch/node_modules/.pnpm/@vitest+runner@2.1.9/node_modules/@vitest/runner/dist/index.js:39:7)\n    at runTest (file:///C:/Users/Pglenn/watch/node_modules/.pnpm/@vitest+runner@2.1.9/node_modules/@vitest/runner/dist/index.js:1056:17)\n    at processTicksAndRejections (node:internal/process/task_queues:105:5)"],"meta":{}},{"ancestorTitles":["DOM Manipulation Functions","Attribute Manipulation","attr() - Direct and Generator API"],"fullName":"DOM Manipulation Functions Attribute Manipulation attr() - Direct and Generator API should get attribute when value not provided","status":"passed","title":"should get attribute when value not provided","duration":0.35369999999988977,"failureMessages":[],"meta":{}},{"ancestorTitles":["DOM Manipulation Functions","Attribute Manipulation","attr() - Direct and Generator API"],"fullName":"DOM Manipulation Functions Attribute Manipulation attr() - Direct and Generator API should set attributes via generator","status":"failed","title":"should set attributes via generator","duration":1.747000000000071,"failureMessages":["AssertionError: expected null to be 'Tooltip text' // Object.is equality\n    at C:\\Users\\Pglenn\\watch\\test\\dom-manipulation.test.ts:352:47\n    at processTicksAndRejections (node:internal/process/task_queues:105:5)\n    at file:///C:/Users/Pglenn/watch/node_modules/.pnpm/@vitest+runner@2.1.9/node_modules/@vitest/runner/dist/index.js:533:5\n    at runTest (file:///C:/Users/Pglenn/watch/node_modules/.pnpm/@vitest+runner@2.1.9/node_modules/@vitest/runner/dist/index.js:1056:11)\n    at runSuite (file:///C:/Users/Pglenn/watch/node_modules/.pnpm/@vitest+runner@2.1.9/node_modules/@vitest/runner/dist/index.js:1205:15)\n    at runSuite (file:///C:/Users/Pglenn/watch/node_modules/.pnpm/@vitest+runner@2.1.9/node_modules/@vitest/runner/dist/index.js:1205:15)\n    at runSuite (file:///C:/Users/Pglenn/watch/node_modules/.pnpm/@vitest+runner@2.1.9/node_modules/@vitest/runner/dist/index.js:1205:15)\n    at runSuite (file:///C:/Users/Pglenn/watch/node_modules/.pnpm/@vitest+runner@2.1.9/node_modules/@vitest/runner/dist/index.js:1205:15)\n    at runFiles (file:///C:/Users/Pglenn/watch/node_modules/.pnpm/@vitest+runner@2.1.9/node_modules/@vitest/runner/dist/index.js:1262:5)\n    at startTests (file:///C:/Users/Pglenn/watch/node_modules/.pnpm/@vitest+runner@2.1.9/node_modules/@vitest/runner/dist/index.js:1271:3)"],"meta":{}},{"ancestorTitles":["DOM Manipulation Functions","Attribute Manipulation","removeAttr() - Direct and Generator API"],"fullName":"DOM Manipulation Functions Attribute Manipulation removeAttr() - Direct and Generator API should remove attribute directly","status":"passed","title":"should remove attribute directly","duration":0.8066000000001168,"failureMessages":[],"meta":{}},{"ancestorTitles":["DOM Manipulation Functions","Attribute Manipulation","removeAttr() - Direct and Generator API"],"fullName":"DOM Manipulation Functions Attribute Manipulation removeAttr() - Direct and Generator API should remove multiple attributes","status":"failed","title":"should remove multiple attributes","duration":0.6307999999999083,"failureMessages":["TypeError: name.toLowerCase is not a function\n    at NamedNodeMap.[getNamedItemKey] (file:///C:/Users/Pglenn/watch/node_modules/.pnpm/happy-dom@15.11.7/node_modules/happy-dom/src/nodes/element/NamedNodeMap.ts:253:16)\n    at NamedNodeMap.getNamedItem (file:///C:/Users/Pglenn/watch/node_modules/.pnpm/happy-dom@15.11.7/node_modules/happy-dom/src/nodes/element/NamedNodeMap.ts:88:41)\n    at HTMLDivElement.removeAttribute (file:///C:/Users/Pglenn/watch/node_modules/.pnpm/happy-dom@15.11.7/node_modules/happy-dom/src/nodes/element/Element.ts:817:48)\n    at Module.removeAttr (C:\\Users\\Pglenn\\watch\\src\\api\\dom.ts:318:15)\n    at C:\\Users\\Pglenn\\watch\\test\\dom-manipulation.test.ts:373:9\n    at file:///C:/Users/Pglenn/watch/node_modules/.pnpm/@vitest+runner@2.1.9/node_modules/@vitest/runner/dist/index.js:146:14\n    at file:///C:/Users/Pglenn/watch/node_modules/.pnpm/@vitest+runner@2.1.9/node_modules/@vitest/runner/dist/index.js:533:11\n    at runWithTimeout (file:///C:/Users/Pglenn/watch/node_modules/.pnpm/@vitest+runner@2.1.9/node_modules/@vitest/runner/dist/index.js:39:7)\n    at runTest (file:///C:/Users/Pglenn/watch/node_modules/.pnpm/@vitest+runner@2.1.9/node_modules/@vitest/runner/dist/index.js:1056:17)\n    at processTicksAndRejections (node:internal/process/task_queues:105:5)"],"meta":{}},{"ancestorTitles":["DOM Manipulation Functions","Attribute Manipulation","removeAttr() - Direct and Generator API"],"fullName":"DOM Manipulation Functions Attribute Manipulation removeAttr() - Direct and Generator API should remove attributes via generator","status":"passed","title":"should remove attributes via generator","duration":0.5913000000000466,"failureMessages":[],"meta":{}},{"ancestorTitles":["DOM Manipulation Functions","Attribute Manipulation","hasAttr() - Query function"],"fullName":"DOM Manipulation Functions Attribute Manipulation hasAttr() - Query function should check if attribute exists","status":"passed","title":"should check if attribute exists","duration":0.44620000000008986,"failureMessages":[],"meta":{}},{"ancestorTitles":["DOM Manipulation Functions","Property Manipulation","prop() - Direct and Generator API"],"fullName":"DOM Manipulation Functions Property Manipulation prop() - Direct and Generator API should set property directly","status":"passed","title":"should set property directly","duration":1.7241999999998825,"failureMessages":[],"meta":{}},{"ancestorTitles":["DOM Manipulation Functions","Property Manipulation","prop() - Direct and Generator API"],"fullName":"DOM Manipulation Functions Property Manipulation prop() - Direct and Generator API should set multiple properties with object","status":"failed","title":"should set multiple properties with object","duration":2.701400000000149,"failureMessages":["AssertionError: expected false to be true // Object.is equality\n    at C:\\Users\\Pglenn\\watch\\test\\dom-manipulation.test.ts:417:32\n    at file:///C:/Users/Pglenn/watch/node_modules/.pnpm/@vitest+runner@2.1.9/node_modules/@vitest/runner/dist/index.js:146:14\n    at file:///C:/Users/Pglenn/watch/node_modules/.pnpm/@vitest+runner@2.1.9/node_modules/@vitest/runner/dist/index.js:533:11\n    at runWithTimeout (file:///C:/Users/Pglenn/watch/node_modules/.pnpm/@vitest+runner@2.1.9/node_modules/@vitest/runner/dist/index.js:39:7)\n    at runTest (file:///C:/Users/Pglenn/watch/node_modules/.pnpm/@vitest+runner@2.1.9/node_modules/@vitest/runner/dist/index.js:1056:17)\n    at processTicksAndRejections (node:internal/process/task_queues:105:5)\n    at runSuite (file:///C:/Users/Pglenn/watch/node_modules/.pnpm/@vitest+runner@2.1.9/node_modules/@vitest/runner/dist/index.js:1205:15)\n    at runSuite (file:///C:/Users/Pglenn/watch/node_modules/.pnpm/@vitest+runner@2.1.9/node_modules/@vitest/runner/dist/index.js:1205:15)\n    at runSuite (file:///C:/Users/Pglenn/watch/node_modules/.pnpm/@vitest+runner@2.1.9/node_modules/@vitest/runner/dist/index.js:1205:15)\n    at runSuite (file:///C:/Users/Pglenn/watch/node_modules/.pnpm/@vitest+runner@2.1.9/node_modules/@vitest/runner/dist/index.js:1205:15)"],"meta":{}},{"ancestorTitles":["DOM Manipulation Functions","Property Manipulation","prop() - Direct and Generator API"],"fullName":"DOM Manipulation Functions Property Manipulation prop() - Direct and Generator API should get property when value not provided","status":"passed","title":"should get property when value not provided","duration":0.5449999999998454,"failureMessages":[],"meta":{}},{"ancestorTitles":["DOM Manipulation Functions","Property Manipulation","prop() - Direct and Generator API"],"fullName":"DOM Manipulation Functions Property Manipulation prop() - Direct and Generator API should set properties via generator","status":"failed","title":"should set properties via generator","duration":1.0732000000000426,"failureMessages":["AssertionError: expected false to be true // Object.is equality\n    at C:\\Users\\Pglenn\\watch\\test\\dom-manipulation.test.ts:439:32\n    at processTicksAndRejections (node:internal/process/task_queues:105:5)\n    at file:///C:/Users/Pglenn/watch/node_modules/.pnpm/@vitest+runner@2.1.9/node_modules/@vitest/runner/dist/index.js:533:5\n    at runTest (file:///C:/Users/Pglenn/watch/node_modules/.pnpm/@vitest+runner@2.1.9/node_modules/@vitest/runner/dist/index.js:1056:11)\n    at runSuite (file:///C:/Users/Pglenn/watch/node_modules/.pnpm/@vitest+runner@2.1.9/node_modules/@vitest/runner/dist/index.js:1205:15)\n    at runSuite (file:///C:/Users/Pglenn/watch/node_modules/.pnpm/@vitest+runner@2.1.9/node_modules/@vitest/runner/dist/index.js:1205:15)\n    at runSuite (file:///C:/Users/Pglenn/watch/node_modules/.pnpm/@vitest+runner@2.1.9/node_modules/@vitest/runner/dist/index.js:1205:15)\n    at runSuite (file:///C:/Users/Pglenn/watch/node_modules/.pnpm/@vitest+runner@2.1.9/node_modules/@vitest/runner/dist/index.js:1205:15)\n    at runFiles (file:///C:/Users/Pglenn/watch/node_modules/.pnpm/@vitest+runner@2.1.9/node_modules/@vitest/runner/dist/index.js:1262:5)\n    at startTests (file:///C:/Users/Pglenn/watch/node_modules/.pnpm/@vitest+runner@2.1.9/node_modules/@vitest/runner/dist/index.js:1271:3)"],"meta":{}},{"ancestorTitles":["DOM Manipulation Functions","Data Attribute Helpers","data() - Direct and Generator API"],"fullName":"DOM Manipulation Functions Data Attribute Helpers data() - Direct and Generator API should set data attribute directly","status":"passed","title":"should set data attribute directly","duration":0.7878999999998086,"failureMessages":[],"meta":{}},{"ancestorTitles":["DOM Manipulation Functions","Data Attribute Helpers","data() - Direct and Generator API"],"fullName":"DOM Manipulation Functions Data Attribute Helpers data() - Direct and Generator API should set multiple data attributes with object","status":"failed","title":"should set multiple data attributes with object","duration":0.8856000000000677,"failureMessages":["AssertionError: expected undefined to be '123' // Object.is equality\n    at C:\\Users\\Pglenn\\watch\\test\\dom-manipulation.test.ts:463:40\n    at file:///C:/Users/Pglenn/watch/node_modules/.pnpm/@vitest+runner@2.1.9/node_modules/@vitest/runner/dist/index.js:146:14\n    at file:///C:/Users/Pglenn/watch/node_modules/.pnpm/@vitest+runner@2.1.9/node_modules/@vitest/runner/dist/index.js:533:11\n    at runWithTimeout (file:///C:/Users/Pglenn/watch/node_modules/.pnpm/@vitest+runner@2.1.9/node_modules/@vitest/runner/dist/index.js:39:7)\n    at runTest (file:///C:/Users/Pglenn/watch/node_modules/.pnpm/@vitest+runner@2.1.9/node_modules/@vitest/runner/dist/index.js:1056:17)\n    at processTicksAndRejections (node:internal/process/task_queues:105:5)\n    at runSuite (file:///C:/Users/Pglenn/watch/node_modules/.pnpm/@vitest+runner@2.1.9/node_modules/@vitest/runner/dist/index.js:1205:15)\n    at runSuite (file:///C:/Users/Pglenn/watch/node_modules/.pnpm/@vitest+runner@2.1.9/node_modules/@vitest/runner/dist/index.js:1205:15)\n    at runSuite (file:///C:/Users/Pglenn/watch/node_modules/.pnpm/@vitest+runner@2.1.9/node_modules/@vitest/runner/dist/index.js:1205:15)\n    at runSuite (file:///C:/Users/Pglenn/watch/node_modules/.pnpm/@vitest+runner@2.1.9/node_modules/@vitest/runner/dist/index.js:1205:15)"],"meta":{}},{"ancestorTitles":["DOM Manipulation Functions","Data Attribute Helpers","data() - Direct and Generator API"],"fullName":"DOM Manipulation Functions Data Attribute Helpers data() - Direct and Generator API should get data attribute when value not provided","status":"passed","title":"should get data attribute when value not provided","duration":0.3449000000000524,"failureMessages":[],"meta":{}},{"ancestorTitles":["DOM Manipulation Functions","Data Attribute Helpers","data() - Direct and Generator API"],"fullName":"DOM Manipulation Functions Data Attribute Helpers data() - Direct and Generator API should set data attributes via generator","status":"failed","title":"should set data attributes via generator","duration":1.3675000000000637,"failureMessages":["AssertionError: expected undefined to be 'loading' // Object.is equality\n    at C:\\Users\\Pglenn\\watch\\test\\dom-manipulation.test.ts:484:40\n    at processTicksAndRejections (node:internal/process/task_queues:105:5)\n    at file:///C:/Users/Pglenn/watch/node_modules/.pnpm/@vitest+runner@2.1.9/node_modules/@vitest/runner/dist/index.js:533:5\n    at runTest (file:///C:/Users/Pglenn/watch/node_modules/.pnpm/@vitest+runner@2.1.9/node_modules/@vitest/runner/dist/index.js:1056:11)\n    at runSuite (file:///C:/Users/Pglenn/watch/node_modules/.pnpm/@vitest+runner@2.1.9/node_modules/@vitest/runner/dist/index.js:1205:15)\n    at runSuite (file:///C:/Users/Pglenn/watch/node_modules/.pnpm/@vitest+runner@2.1.9/node_modules/@vitest/runner/dist/index.js:1205:15)\n    at runSuite (file:///C:/Users/Pglenn/watch/node_modules/.pnpm/@vitest+runner@2.1.9/node_modules/@vitest/runner/dist/index.js:1205:15)\n    at runSuite (file:///C:/Users/Pglenn/watch/node_modules/.pnpm/@vitest+runner@2.1.9/node_modules/@vitest/runner/dist/index.js:1205:15)\n    at runFiles (file:///C:/Users/Pglenn/watch/node_modules/.pnpm/@vitest+runner@2.1.9/node_modules/@vitest/runner/dist/index.js:1262:5)\n    at startTests (file:///C:/Users/Pglenn/watch/node_modules/.pnpm/@vitest+runner@2.1.9/node_modules/@vitest/runner/dist/index.js:1271:3)"],"meta":{}},{"ancestorTitles":["DOM Manipulation Functions","Form Value Helpers","value() - Direct and Generator API"],"fullName":"DOM Manipulation Functions Form Value Helpers value() - Direct and Generator API should set input value directly","status":"passed","title":"should set input value directly","duration":0.9695999999999003,"failureMessages":[],"meta":{}},{"ancestorTitles":["DOM Manipulation Functions","Form Value Helpers","value() - Direct and Generator API"],"fullName":"DOM Manipulation Functions Form Value Helpers value() - Direct and Generator API should get input value when value not provided","status":"passed","title":"should get input value when value not provided","duration":0.365099999999984,"failureMessages":[],"meta":{}},{"ancestorTitles":["DOM Manipulation Functions","Form Value Helpers","value() - Direct and Generator API"],"fullName":"DOM Manipulation Functions Form Value Helpers value() - Direct and Generator API should set input value via generator","status":"failed","title":"should set input value via generator","duration":1.0270000000000437,"failureMessages":["AssertionError: expected '' to be 'generator value' // Object.is equality\n    at C:\\Users\\Pglenn\\watch\\test\\dom-manipulation.test.ts:512:29\n    at processTicksAndRejections (node:internal/process/task_queues:105:5)\n    at file:///C:/Users/Pglenn/watch/node_modules/.pnpm/@vitest+runner@2.1.9/node_modules/@vitest/runner/dist/index.js:533:5\n    at runTest (file:///C:/Users/Pglenn/watch/node_modules/.pnpm/@vitest+runner@2.1.9/node_modules/@vitest/runner/dist/index.js:1056:11)\n    at runSuite (file:///C:/Users/Pglenn/watch/node_modules/.pnpm/@vitest+runner@2.1.9/node_modules/@vitest/runner/dist/index.js:1205:15)\n    at runSuite (file:///C:/Users/Pglenn/watch/node_modules/.pnpm/@vitest+runner@2.1.9/node_modules/@vitest/runner/dist/index.js:1205:15)\n    at runSuite (file:///C:/Users/Pglenn/watch/node_modules/.pnpm/@vitest+runner@2.1.9/node_modules/@vitest/runner/dist/index.js:1205:15)\n    at runSuite (file:///C:/Users/Pglenn/watch/node_modules/.pnpm/@vitest+runner@2.1.9/node_modules/@vitest/runner/dist/index.js:1205:15)\n    at runFiles (file:///C:/Users/Pglenn/watch/node_modules/.pnpm/@vitest+runner@2.1.9/node_modules/@vitest/runner/dist/index.js:1262:5)\n    at startTests (file:///C:/Users/Pglenn/watch/node_modules/.pnpm/@vitest+runner@2.1.9/node_modules/@vitest/runner/dist/index.js:1271:3)"],"meta":{}},{"ancestorTitles":["DOM Manipulation Functions","Form Value Helpers","value() - Direct and Generator API"],"fullName":"DOM Manipulation Functions Form Value Helpers value() - Direct and Generator API should work with textarea","status":"failed","title":"should work with textarea","duration":1.6042999999999665,"failureMessages":["AssertionError: expected '' to be 'Multi-line\\ntext\\ncontent' // Object.is equality\n    at C:\\Users\\Pglenn\\watch\\test\\dom-manipulation.test.ts:522:32\n    at processTicksAndRejections (node:internal/process/task_queues:105:5)\n    at file:///C:/Users/Pglenn/watch/node_modules/.pnpm/@vitest+runner@2.1.9/node_modules/@vitest/runner/dist/index.js:533:5\n    at runTest (file:///C:/Users/Pglenn/watch/node_modules/.pnpm/@vitest+runner@2.1.9/node_modules/@vitest/runner/dist/index.js:1056:11)\n    at runSuite (file:///C:/Users/Pglenn/watch/node_modules/.pnpm/@vitest+runner@2.1.9/node_modules/@vitest/runner/dist/index.js:1205:15)\n    at runSuite (file:///C:/Users/Pglenn/watch/node_modules/.pnpm/@vitest+runner@2.1.9/node_modules/@vitest/runner/dist/index.js:1205:15)\n    at runSuite (file:///C:/Users/Pglenn/watch/node_modules/.pnpm/@vitest+runner@2.1.9/node_modules/@vitest/runner/dist/index.js:1205:15)\n    at runSuite (file:///C:/Users/Pglenn/watch/node_modules/.pnpm/@vitest+runner@2.1.9/node_modules/@vitest/runner/dist/index.js:1205:15)\n    at runFiles (file:///C:/Users/Pglenn/watch/node_modules/.pnpm/@vitest+runner@2.1.9/node_modules/@vitest/runner/dist/index.js:1262:5)\n    at startTests (file:///C:/Users/Pglenn/watch/node_modules/.pnpm/@vitest+runner@2.1.9/node_modules/@vitest/runner/dist/index.js:1271:3)"],"meta":{}},{"ancestorTitles":["DOM Manipulation Functions","Form Value Helpers","value() - Direct and Generator API"],"fullName":"DOM Manipulation Functions Form Value Helpers value() - Direct and Generator API should work with select","status":"passed","title":"should work with select","duration":2.994899999999916,"failureMessages":[],"meta":{}},{"ancestorTitles":["DOM Manipulation Functions","Form Value Helpers","checked() - Direct and Generator API"],"fullName":"DOM Manipulation Functions Form Value Helpers checked() - Direct and Generator API should set checkbox checked state directly","status":"passed","title":"should set checkbox checked state directly","duration":1.161299999999983,"failureMessages":[],"meta":{}},{"ancestorTitles":["DOM Manipulation Functions","Form Value Helpers","checked() - Direct and Generator API"],"fullName":"DOM Manipulation Functions Form Value Helpers checked() - Direct and Generator API should get checkbox checked state when value not provided","status":"passed","title":"should get checkbox checked state when value not provided","duration":0.33809999999994034,"failureMessages":[],"meta":{}},{"ancestorTitles":["DOM Manipulation Functions","Form Value Helpers","checked() - Direct and Generator API"],"fullName":"DOM Manipulation Functions Form Value Helpers checked() - Direct and Generator API should set checkbox via generator","status":"passed","title":"should set checkbox via generator","duration":0.518100000000004,"failureMessages":[],"meta":{}},{"ancestorTitles":["DOM Manipulation Functions","Form Value Helpers","checked() - Direct and Generator API"],"fullName":"DOM Manipulation Functions Form Value Helpers checked() - Direct and Generator API should work with radio buttons","status":"passed","title":"should work with radio buttons","duration":1.098700000000008,"failureMessages":[],"meta":{}},{"ancestorTitles":["DOM Manipulation Functions","Focus Management","focus() and blur() - Direct and Generator API"],"fullName":"DOM Manipulation Functions Focus Management focus() and blur() - Direct and Generator API should focus element directly","status":"passed","title":"should focus element directly","duration":2.2489999999997963,"failureMessages":[],"meta":{}},{"ancestorTitles":["DOM Manipulation Functions","Focus Management","focus() and blur() - Direct and Generator API"],"fullName":"DOM Manipulation Functions Focus Management focus() and blur() - Direct and Generator API should blur element directly","status":"passed","title":"should blur element directly","duration":0.5960000000000036,"failureMessages":[],"meta":{}},{"ancestorTitles":["DOM Manipulation Functions","Focus Management","focus() and blur() - Direct and Generator API"],"fullName":"DOM Manipulation Functions Focus Management focus() and blur() - Direct and Generator API should focus/blur via generator","status":"passed","title":"should focus/blur via generator","duration":0.9940000000001419,"failureMessages":[],"meta":{}},{"ancestorTitles":["DOM Manipulation Functions","Visibility Management","show() and hide() - Direct and Generator API"],"fullName":"DOM Manipulation Functions Visibility Management show() and hide() - Direct and Generator API should show hidden element directly","status":"passed","title":"should show hidden element directly","duration":1.152900000000045,"failureMessages":[],"meta":{}},{"ancestorTitles":["DOM Manipulation Functions","Visibility Management","show() and hide() - Direct and Generator API"],"fullName":"DOM Manipulation Functions Visibility Management show() and hide() - Direct and Generator API should hide visible element directly","status":"passed","title":"should hide visible element directly","duration":0.6588999999999032,"failureMessages":[],"meta":{}},{"ancestorTitles":["DOM Manipulation Functions","Visibility Management","show() and hide() - Direct and Generator API"],"fullName":"DOM Manipulation Functions Visibility Management show() and hide() - Direct and Generator API should show/hide via generator","status":"passed","title":"should show/hide via generator","duration":0.9809999999999945,"failureMessages":[],"meta":{}},{"ancestorTitles":["DOM Manipulation Functions","Visibility Management","show() and hide() - Direct and Generator API"],"fullName":"DOM Manipulation Functions Visibility Management show() and hide() - Direct and Generator API should preserve original display value","status":"failed","title":"should preserve original display value","duration":1.160799999999881,"failureMessages":["AssertionError: expected '' to be 'flex' // Object.is equality\n    at C:\\Users\\Pglenn\\watch\\test\\dom-manipulation.test.ts:659:39\n    at file:///C:/Users/Pglenn/watch/node_modules/.pnpm/@vitest+runner@2.1.9/node_modules/@vitest/runner/dist/index.js:146:14\n    at file:///C:/Users/Pglenn/watch/node_modules/.pnpm/@vitest+runner@2.1.9/node_modules/@vitest/runner/dist/index.js:533:11\n    at runWithTimeout (file:///C:/Users/Pglenn/watch/node_modules/.pnpm/@vitest+runner@2.1.9/node_modules/@vitest/runner/dist/index.js:39:7)\n    at runTest (file:///C:/Users/Pglenn/watch/node_modules/.pnpm/@vitest+runner@2.1.9/node_modules/@vitest/runner/dist/index.js:1056:17)\n    at processTicksAndRejections (node:internal/process/task_queues:105:5)\n    at runSuite (file:///C:/Users/Pglenn/watch/node_modules/.pnpm/@vitest+runner@2.1.9/node_modules/@vitest/runner/dist/index.js:1205:15)\n    at runSuite (file:///C:/Users/Pglenn/watch/node_modules/.pnpm/@vitest+runner@2.1.9/node_modules/@vitest/runner/dist/index.js:1205:15)\n    at runSuite (file:///C:/Users/Pglenn/watch/node_modules/.pnpm/@vitest+runner@2.1.9/node_modules/@vitest/runner/dist/index.js:1205:15)\n    at runSuite (file:///C:/Users/Pglenn/watch/node_modules/.pnpm/@vitest+runner@2.1.9/node_modules/@vitest/runner/dist/index.js:1205:15)"],"meta":{}},{"ancestorTitles":["DOM Manipulation Functions","DOM Traversal","query() - Element querying"],"fullName":"DOM Manipulation Functions DOM Traversal query() - Element querying should query child elements directly","status":"passed","title":"should query child elements directly","duration":3.892300000000205,"failureMessages":[],"meta":{}},{"ancestorTitles":["DOM Manipulation Functions","DOM Traversal","query() - Element querying"],"fullName":"DOM Manipulation Functions DOM Traversal query() - Element querying should return null for non-existent elements","status":"passed","title":"should return null for non-existent elements","duration":1.9083000000000538,"failureMessages":[],"meta":{}},{"ancestorTitles":["DOM Manipulation Functions","DOM Traversal","query() - Element querying"],"fullName":"DOM Manipulation Functions DOM Traversal query() - Element querying should query via generator context","status":"failed","title":"should query via generator context","duration":2.456100000000106,"failureMessages":["AssertionError: expected undefined to be 'Click me' // Object.is equality\n    at C:\\Users\\Pglenn\\watch\\test\\dom-manipulation.test.ts:692:43\n    at processTicksAndRejections (node:internal/process/task_queues:105:5)\n    at file:///C:/Users/Pglenn/watch/node_modules/.pnpm/@vites
[...]
test+runner@2.1.9/node_modules/@vitest/runner/dist/index.js:1205:15)"],"meta":{}},{"ancestorTitles":["State Management System","Memory Management"],"fullName":"State Management System Memory Management should clear all state","status":"failed","title":"should clear all state","duration":0.5147999999999229,"failureMessages":["Error: clearAllState can only be called within a generator context\n    at Module.clearAllState (C:\\Users\\Pglenn\\watch\\src\\core\\state.ts:299:11)\n    at C:\\Users\\Pglenn\\watch\\test\\state-management.test.ts:38:5\n    at file:///C:/Users/Pglenn/watch/node_modules/.pnpm/@vitest+runner@2.1.9/node_modules/@vitest/runner/dist/index.js:146:14\n    at runWithTimeout (file:///C:/Users/Pglenn/watch/node_modules/.pnpm/@vitest+runner@2.1.9/node_modules/@vitest/runner/dist/index.js:39:7)\n    at callSuiteHook (file:///C:/Users/Pglenn/watch/node_modules/.pnpm/@vitest+runner@2.1.9/node_modules/@vitest/runner/dist/index.js:964:28)\n    at processTicksAndRejections (node:internal/process/task_queues:105:5)\n    at callSuiteHook (file:///C:/Users/Pglenn/watch/node_modules/.pnpm/@vitest+runner@2.1.9/node_modules/@vitest/runner/dist/index.js:953:10)\n    at runTest (file:///C:/Users/Pglenn/watch/node_modules/.pnpm/@vitest+runner@2.1.9/node_modules/@vitest/runner/dist/index.js:1040:30)\n    at runSuite (file:///C:/Users/Pglenn/watch/node_modules/.pnpm/@vitest+runner@2.1.9/node_modules/@vitest/runner/dist/index.js:1205:15)\n    at runSuite (file:///C:/Users/Pglenn/watch/node_modules/.pnpm/@vitest+runner@2.1.9/node_modules/@vitest/runner/dist/index.js:1205:15)","Error: clearAllState can only be called within a generator context\n    at Module.clearAllState (C:\\Users\\Pglenn\\watch\\src\\core\\state.ts:299:11)\n    at C:\\Users\\Pglenn\\watch\\test\\state-management.test.ts:43:5\n    at file:///C:/Users/Pglenn/watch/node_modules/.pnpm/@vitest+runner@2.1.9/node_modules/@vitest/runner/dist/index.js:146:14\n    at runWithTimeout (file:///C:/Users/Pglenn/watch/node_modules/.pnpm/@vitest+runner@2.1.9/node_modules/@vitest/runner/dist/index.js:39:7)\n    at callSuiteHook (file:///C:/Users/Pglenn/watch/node_modules/.pnpm/@vitest+runner@2.1.9/node_modules/@vitest/runner/dist/index.js:964:28)\n    at callSuiteHook (file:///C:/Users/Pglenn/watch/node_modules/.pnpm/@vitest+runner@2.1.9/node_modules/@vitest/runner/dist/index.js:970:16)\n    at runTest (file:///C:/Users/Pglenn/watch/node_modules/.pnpm/@vitest+runner@2.1.9/node_modules/@vitest/runner/dist/index.js:1085:15)\n    at processTicksAndRejections (node:internal/process/task_queues:105:5)\n    at runSuite (file:///C:/Users/Pglenn/watch/node_modules/.pnpm/@vitest+runner@2.1.9/node_modules/@vitest/runner/dist/index.js:1205:15)\n    at runSuite (file:///C:/Users/Pglenn/watch/node_modules/.pnpm/@vitest+runner@2.1.9/node_modules/@vitest/runner/dist/index.js:1205:15)"],"meta":{}},{"ancestorTitles":["State Management System","Edge Cases"],"fullName":"State Management System Edge Cases should handle circular object references in state","status":"failed","title":"should handle circular object references in state","duration":3.318499999999858,"failureMessages":["Error: clearAllState can only be called within a generator context\n    at Module.clearAllState (C:\\Users\\Pglenn\\watch\\src\\core\\state.ts:299:11)\n    at C:\\Users\\Pglenn\\watch\\test\\state-management.test.ts:38:5\n    at file:///C:/Users/Pglenn/watch/node_modules/.pnpm/@vitest+runner@2.1.9/node_modules/@vitest/runner/dist/index.js:146:14\n    at runWithTimeout (file:///C:/Users/Pglenn/watch/node_modules/.pnpm/@vitest+runner@2.1.9/node_modules/@vitest/runner/dist/index.js:39:7)\n    at callSuiteHook (file:///C:/Users/Pglenn/watch/node_modules/.pnpm/@vitest+runner@2.1.9/node_modules/@vitest/runner/dist/index.js:964:28)\n    at processTicksAndRejections (node:internal/process/task_queues:105:5)\n    at callSuiteHook (file:///C:/Users/Pglenn/watch/node_modules/.pnpm/@vitest+runner@2.1.9/node_modules/@vitest/runner/dist/index.js:953:10)\n    at runTest (file:///C:/Users/Pglenn/watch/node_modules/.pnpm/@vitest+runner@2.1.9/node_modules/@vitest/runner/dist/index.js:1040:30)\n    at runSuite (file:///C:/Users/Pglenn/watch/node_modules/.pnpm/@vitest+runner@2.1.9/node_modules/@vitest/runner/dist/index.js:1205:15)\n    at runSuite (file:///C:/Users/Pglenn/watch/node_modules/.pnpm/@vitest+runner@2.1.9/node_modules/@vitest/runner/dist/index.js:1205:15)","Error: clearAllState can only be called within a generator context\n    at Module.clearAllState (C:\\Users\\Pglenn\\watch\\src\\core\\state.ts:299:11)\n    at C:\\Users\\Pglenn\\watch\\test\\state-management.test.ts:43:5\n    at file:///C:/Users/Pglenn/watch/node_modules/.pnpm/@vitest+runner@2.1.9/node_modules/@vitest/runner/dist/index.js:146:14\n    at runWithTimeout (file:///C:/Users/Pglenn/watch/node_modules/.pnpm/@vitest+runner@2.1.9/node_modules/@vitest/runner/dist/index.js:39:7)\n    at callSuiteHook (file:///C:/Users/Pglenn/watch/node_modules/.pnpm/@vitest+runner@2.1.9/node_modules/@vitest/runner/dist/index.js:964:28)\n    at callSuiteHook (file:///C:/Users/Pglenn/watch/node_modules/.pnpm/@vitest+runner@2.1.9/node_modules/@vitest/runner/dist/index.js:970:16)\n    at runTest (file:///C:/Users/Pglenn/watch/node_modules/.pnpm/@vitest+runner@2.1.9/node_modules/@vitest/runner/dist/index.js:1085:15)\n    at processTicksAndRejections (node:internal/process/task_queues:105:5)\n    at runSuite (file:///C:/Users/Pglenn/watch/node_modules/.pnpm/@vitest+runner@2.1.9/node_modules/@vitest/runner/dist/index.js:1205:15)\n    at runSuite (file:///C:/Users/Pglenn/watch/node_modules/.pnpm/@vitest+runner@2.1.9/node_modules/@vitest/runner/dist/index.js:1205:15)"],"meta":{}},{"ancestorTitles":["State Management System","Edge Cases"],"fullName":"State Management System Edge Cases should handle very large state objects","status":"failed","title":"should handle very large state objects","duration":1.1516999999998916,"failureMessages":["Error: clearAllState can only be called within a generator context\n    at Module.clearAllState (C:\\Users\\Pglenn\\watch\\src\\core\\state.ts:299:11)\n    at C:\\Users\\Pglenn\\watch\\test\\state-management.test.ts:38:5\n    at file:///C:/Users/Pglenn/watch/node_modules/.pnpm/@vitest+runner@2.1.9/node_modules/@vitest/runner/dist/index.js:146:14\n    at runWithTimeout (file:///C:/Users/Pglenn/watch/node_modules/.pnpm/@vitest+runner@2.1.9/node_modules/@vitest/runner/dist/index.js:39:7)\n    at callSuiteHook (file:///C:/Users/Pglenn/watch/node_modules/.pnpm/@vitest+runner@2.1.9/node_modules/@vitest/runner/dist/index.js:964:28)\n    at processTicksAndRejections (node:internal/process/task_queues:105:5)\n    at callSuiteHook (file:///C:/Users/Pglenn/watch/node_modules/.pnpm/@vitest+runner@2.1.9/node_modules/@vitest/runner/dist/index.js:953:10)\n    at runTest (file:///C:/Users/Pglenn/watch/node_modules/.pnpm/@vitest+runner@2.1.9/node_modules/@vitest/runner/dist/index.js:1040:30)\n    at runSuite (file:///C:/Users/Pglenn/watch/node_modules/.pnpm/@vitest+runner@2.1.9/node_modules/@vitest/runner/dist/index.js:1205:15)\n    at runSuite (file:///C:/Users/Pglenn/watch/node_modules/.pnpm/@vitest+runner@2.1.9/node_modules/@vitest/runner/dist/index.js:1205:15)","Error: clearAllState can only be called within a generator context\n    at Module.clearAllState (C:\\Users\\Pglenn\\watch\\src\\core\\state.ts:299:11)\n    at C:\\Users\\Pglenn\\watch\\test\\state-management.test.ts:43:5\n    at file:///C:/Users/Pglenn/watch/node_modules/.pnpm/@vitest+runner@2.1.9/node_modules/@vitest/runner/dist/index.js:146:14\n    at runWithTimeout (file:///C:/Users/Pglenn/watch/node_modules/.pnpm/@vitest+runner@2.1.9/node_modules/@vitest/runner/dist/index.js:39:7)\n    at callSuiteHook (file:///C:/Users/Pglenn/watch/node_modules/.pnpm/@vitest+runner@2.1.9/node_modules/@vitest/runner/dist/index.js:964:28)\n    at callSuiteHook (file:///C:/Users/Pglenn/watch/node_modules/.pnpm/@vitest+runner@2.1.9/node_modules/@vitest/runner/dist/index.js:970:16)\n    at runTest (file:///C:/Users/Pglenn/watch/node_modules/.pnpm/@vitest+runner@2.1.9/node_modules/@vitest/runner/dist/index.js:1085:15)\n    at processTicksAndRejections (node:internal/process/task_queues:105:5)\n    at runSuite (file:///C:/Users/Pglenn/watch/node_modules/.pnpm/@vitest+runner@2.1.9/node_modules/@vitest/runner/dist/index.js:1205:15)\n    at runSuite (file:///C:/Users/Pglenn/watch/node_modules/.pnpm/@vitest+runner@2.1.9/node_modules/@vitest/runner/dist/index.js:1205:15)"],"meta":{}},{"ancestorTitles":["State Management System","Edge Cases"],"fullName":"State Management System Edge Cases should handle concurrent state updates","status":"failed","title":"should handle concurrent state updates","duration":0.6273000000001048,"failureMessages":["Error: clearAllState can only be called within a generator context\n    at Module.clearAllState (C:\\Users\\Pglenn\\watch\\src\\core\\state.ts:299:11)\n    at C:\\Users\\Pglenn\\watch\\test\\state-management.test.ts:38:5\n    at file:///C:/Users/Pglenn/watch/node_modules/.pnpm/@vitest+runner@2.1.9/node_modules/@vitest/runner/dist/index.js:146:14\n    at runWithTimeout (file:///C:/Users/Pglenn/watch/node_modules/.pnpm/@vitest+runner@2.1.9/node_modules/@vitest/runner/dist/index.js:39:7)\n    at callSuiteHook (file:///C:/Users/Pglenn/watch/node_modules/.pnpm/@vitest+runner@2.1.9/node_modules/@vitest/runner/dist/index.js:964:28)\n    at processTicksAndRejections (node:internal/process/task_queues:105:5)\n    at callSuiteHook (file:///C:/Users/Pglenn/watch/node_modules/.pnpm/@vitest+runner@2.1.9/node_modules/@vitest/runner/dist/index.js:953:10)\n    at runTest (file:///C:/Users/Pglenn/watch/node_modules/.pnpm/@vitest+runner@2.1.9/node_modules/@vitest/runner/dist/index.js:1040:30)\n    at runSuite (file:///C:/Users/Pglenn/watch/node_modules/.pnpm/@vitest+runner@2.1.9/node_modules/@vitest/runner/dist/index.js:1205:15)\n    at runSuite (file:///C:/Users/Pglenn/watch/node_modules/.pnpm/@vitest+runner@2.1.9/node_modules/@vitest/runner/dist/index.js:1205:15)","Error: clearAllState can only be called within a generator context\n    at Module.clearAllState (C:\\Users\\Pglenn\\watch\\src\\core\\state.ts:299:11)\n    at C:\\Users\\Pglenn\\watch\\test\\state-management.test.ts:43:5\n    at file:///C:/Users/Pglenn/watch/node_modules/.pnpm/@vitest+runner@2.1.9/node_modules/@vitest/runner/dist/index.js:146:14\n    at runWithTimeout (file:///C:/Users/Pglenn/watch/node_modules/.pnpm/@vitest+runner@2.1.9/node_modules/@vitest/runner/dist/index.js:39:7)\n    at callSuiteHook (file:///C:/Users/Pglenn/watch/node_modules/.pnpm/@vitest+runner@2.1.9/node_modules/@vitest/runner/dist/index.js:964:28)\n    at callSuiteHook (file:///C:/Users/Pglenn/watch/node_modules/.pnpm/@vitest+runner@2.1.9/node_modules/@vitest/runner/dist/index.js:970:16)\n    at runTest (file:///C:/Users/Pglenn/watch/node_modules/.pnpm/@vitest+runner@2.1.9/node_modules/@vitest/runner/dist/index.js:1085:15)\n    at processTicksAndRejections (node:internal/process/task_queues:105:5)\n    at runSuite (file:///C:/Users/Pglenn/watch/node_modules/.pnpm/@vitest+runner@2.1.9/node_modules/@vitest/runner/dist/index.js:1205:15)\n    at runSuite (file:///C:/Users/Pglenn/watch/node_modules/.pnpm/@vitest+runner@2.1.9/node_modules/@vitest/runner/dist/index.js:1205:15)"],"meta":{}},{"ancestorTitles":["State Management System","Edge Cases"],"fullName":"State Management System Edge Cases should handle state operations with invalid element context","status":"failed","title":"should handle state operations with invalid element context","duration":0.5567000000000917,"failureMessages":["Error: clearAllState can only be called within a generator context\n    at Module.clearAllState (C:\\Users\\Pglenn\\watch\\src\\core\\state.ts:299:11)\n    at C:\\Users\\Pglenn\\watch\\test\\state-management.test.ts:38:5\n    at file:///C:/Users/Pglenn/watch/node_modules/.pnpm/@vitest+runner@2.1.9/node_modules/@vitest/runner/dist/index.js:146:14\n    at runWithTimeout (file:///C:/Users/Pglenn/watch/node_modules/.pnpm/@vitest+runner@2.1.9/node_modules/@vitest/runner/dist/index.js:39:7)\n    at callSuiteHook (file:///C:/Users/Pglenn/watch/node_modules/.pnpm/@vitest+runner@2.1.9/node_modules/@vitest/runner/dist/index.js:964:28)\n    at processTicksAndRejections (node:internal/process/task_queues:105:5)\n    at callSuiteHook (file:///C:/Users/Pglenn/watch/node_modules/.pnpm/@vitest+runner@2.1.9/node_modules/@vitest/runner/dist/index.js:953:10)\n    at runTest (file:///C:/Users/Pglenn/watch/node_modules/.pnpm/@vitest+runner@2.1.9/node_modules/@vitest/runner/dist/index.js:1040:30)\n    at runSuite (file:///C:/Users/Pglenn/watch/node_modules/.pnpm/@vitest+runner@2.1.9/node_modules/@vitest/runner/dist/index.js:1205:15)\n    at runSuite (file:///C:/Users/Pglenn/watch/node_modules/.pnpm/@vitest+runner@2.1.9/node_modules/@vitest/runner/dist/index.js:1205:15)","Error: clearAllState can only be called within a generator context\n    at Module.clearAllState (C:\\Users\\Pglenn\\watch\\src\\core\\state.ts:299:11)\n    at C:\\Users\\Pglenn\\watch\\test\\state-management.test.ts:43:5\n    at file:///C:/Users/Pglenn/watch/node_modules/.pnpm/@vitest+runner@2.1.9/node_modules/@vitest/runner/dist/index.js:146:14\n    at runWithTimeout (file:///C:/Users/Pglenn/watch/node_modules/.pnpm/@vitest+runner@2.1.9/node_modules/@vitest/runner/dist/index.js:39:7)\n    at callSuiteHook (file:///C:/Users/Pglenn/watch/node_modules/.pnpm/@vitest+runner@2.1.9/node_modules/@vitest/runner/dist/index.js:964:28)\n    at callSuiteHook (file:///C:/Users/Pglenn/watch/node_modules/.pnpm/@vitest+runner@2.1.9/node_modules/@vitest/runner/dist/index.js:970:16)\n    at runTest (file:///C:/Users/Pglenn/watch/node_modules/.pnpm/@vitest+runner@2.1.9/node_modules/@vitest/runner/dist/index.js:1085:15)\n    at processTicksAndRejections (node:internal/process/task_queues:105:5)\n    at runSuite (file:///C:/Users/Pglenn/watch/node_modules/.pnpm/@vitest+runner@2.1.9/node_modules/@vitest/runner/dist/index.js:1205:15)\n    at runSuite (file:///C:/Users/Pglenn/watch/node_modules/.pnpm/@vitest+runner@2.1.9/node_modules/@vitest/runner/dist/index.js:1205:15)"],"meta":{}},{"ancestorTitles":["State Management System","Performance"],"fullName":"State Management System Performance should handle many state operations efficiently","status":"failed","title":"should handle many state operations efficiently","duration":0.5923000000000229,"failureMessages":["Error: clearAllState can only be called within a generator context\n    at Module.clearAllState (C:\\Users\\Pglenn\\watch\\src\\core\\state.ts:299:11)\n    at C:\\Users\\Pglenn\\watch\\test\\state-management.test.ts:38:5\n    at file:///C:/Users/Pglenn/watch/node_modules/.pnpm/@vitest+runner@2.1.9/node_modules/@vitest/runner/dist/index.js:146:14\n    at runWithTimeout (file:///C:/Users/Pglenn/watch/node_modules/.pnpm/@vitest+runner@2.1.9/node_modules/@vitest/runner/dist/index.js:39:7)\n    at callSuiteHook (file:///C:/Users/Pglenn/watch/node_modules/.pnpm/@vitest+runner@2.1.9/node_modules/@vitest/runner/dist/index.js:964:28)\n    at processTicksAndRejections (node:internal/process/task_queues:105:5)\n    at callSuiteHook (file:///C:/Users/Pglenn/watch/node_modules/.pnpm/@vitest+runner@2.1.9/node_modules/@vitest/runner/dist/index.js:953:10)\n    at runTest (file:///C:/Users/Pglenn/watch/node_modules/.pnpm/@vitest+runner@2.1.9/node_modules/@vitest/runner/dist/index.js:1040:30)\n    at runSuite (file:///C:/Users/Pglenn/watch/node_modules/.pnpm/@vitest+runner@2.1.9/node_modules/@vitest/runner/dist/index.js:1205:15)\n    at runSuite (file:///C:/Users/Pglenn/watch/node_modules/.pnpm/@vitest+runner@2.1.9/node_modules/@vitest/runner/dist/index.js:1205:15)","Error: clearAllState can only be called within a generator context\n    at Module.clearAllState (C:\\Users\\Pglenn\\watch\\src\\core\\state.ts:299:11)\n    at C:\\Users\\Pglenn\\watch\\test\\state-management.test.ts:43:5\n    at file:///C:/Users/Pglenn/watch/node_modules/.pnpm/@vitest+runner@2.1.9/node_modules/@vitest/runner/dist/index.js:146:14\n    at runWithTimeout (file:///C:/Users/Pglenn/watch/node_modules/.pnpm/@vitest+runner@2.1.9/node_modules/@vitest/runner/dist/index.js:39:7)\n    at callSuiteHook (file:///C:/Users/Pglenn/watch/node_modules/.pnpm/@vitest+runner@2.1.9/node_modules/@vitest/runner/dist/index.js:964:28)\n    at callSuiteHook (file:///C:/Users/Pglenn/watch/node_modules/.pnpm/@vitest+runner@2.1.9/node_modules/@vitest/runner/dist/index.js:970:16)\n    at runTest (file:///C:/Users/Pglenn/watch/node_modules/.pnpm/@vitest+runner@2.1.9/node_modules/@vitest/runner/dist/index.js:1085:15)\n    at processTicksAndRejections (node:internal/process/task_queues:105:5)\n    at runSuite (file:///C:/Users/Pglenn/watch/node_modules/.pnpm/@vitest+runner@2.1.9/node_modules/@vitest/runner/dist/index.js:1205:15)\n    at runSuite (file:///C:/Users/Pglenn/watch/node_modules/.pnpm/@vitest+runner@2.1.9/node_modules/@vitest/runner/dist/index.js:1205:15)"],"meta":{}},{"ancestorTitles":["State Management System","Performance"],"fullName":"State Management System Performance should handle many watchers efficiently","status":"failed","title":"should handle many watchers efficiently","duration":0.46469999999999345,"failureMessages":["Error: clearAllState can only be called within a generator context\n    at Module.clearAllState (C:\\Users\\Pglenn\\watch\\src\\core\\state.ts:299:11)\n    at C:\\Users\\Pglenn\\watch\\test\\state-management.test.ts:38:5\n    at file:///C:/Users/Pglenn/watch/node_modules/.pnpm/@vitest+runner@2.1.9/node_modules/@vitest/runner/dist/index.js:146:14\n    at runWithTimeout (file:///C:/Users/Pglenn/watch/node_modules/.pnpm/@vitest+runner@2.1.9/node_modules/@vitest/runner/dist/index.js:39:7)\n    at callSuiteHook (file:///C:/Users/Pglenn/watch/node_modules/.pnpm/@vitest+runner@2.1.9/node_modules/@vitest/runner/dist/index.js:964:28)\n    at processTicksAndRejections (node:internal/process/task_queues:105:5)\n    at callSuiteHook (file:///C:/Users/Pglenn/watch/node_modules/.pnpm/@vitest+runner@2.1.9/node_modules/@vitest/runner/dist/index.js:953:10)\n    at runTest (file:///C:/Users/Pglenn/watch/node_modules/.pnpm/@vitest+runner@2.1.9/node_modules/@vitest/runner/dist/index.js:1040:30)\n    at runSuite (file:///C:/Users/Pglenn/watch/node_modules/.pnpm/@vitest+runner@2.1.9/node_modules/@vitest/runner/dist/index.js:1205:15)\n    at runSuite (file:///C:/Users/Pglenn/watch/node_modules/.pnpm/@vitest+runner@2.1.9/node_modules/@vitest/runner/dist/index.js:1205:15)","Error: clearAllState can only be called within a generator context\n    at Module.clearAllState (C:\\Users\\Pglenn\\watch\\src\\core\\state.ts:299:11)\n    at C:\\Users\\Pglenn\\watch\\test\\state-management.test.ts:43:5\n    at file:///C:/Users/Pglenn/watch/node_modules/.pnpm/@vitest+runner@2.1.9/node_modules/@vitest/runner/dist/index.js:146:14\n    at runWithTimeout (file:///C:/Users/Pglenn/watch/node_modules/.pnpm/@vitest+runner@2.1.9/node_modules/@vitest/runner/dist/index.js:39:7)\n    at callSuiteHook (file:///C:/Users/Pglenn/watch/node_modules/.pnpm/@vitest+runner@2.1.9/node_modules/@vitest/runner/dist/index.js:964:28)\n    at callSuiteHook (file:///C:/Users/Pglenn/watch/node_modules/.pnpm/@vitest+runner@2.1.9/node_modules/@vitest/runner/dist/index.js:970:16)\n    at runTest (file:///C:/Users/Pglenn/watch/node_modules/.pnpm/@vitest+runner@2.1.9/node_modules/@vitest/runner/dist/index.js:1085:15)\n    at processTicksAndRejections (node:internal/process/task_queues:105:5)\n    at runSuite (file:///C:/Users/Pglenn/watch/node_modules/.pnpm/@vitest+runner@2.1.9/node_modules/@vitest/runner/dist/index.js:1205:15)\n    at runSuite (file:///C:/Users/Pglenn/watch/node_modules/.pnpm/@vitest+runner@2.1.9/node_modules/@vitest/runner/dist/index.js:1205:15)"],"meta":{}}],"startTime":1752511525417,"endTime":1752511525460.4646,"status":"failed","message":"","name":"C:/Users/Pglenn/watch/test/state-management.test.ts"}]}